2025-02-22 20:30:19,771 [INFO] Activator:176 - 


2025-02-22 20:30:19,773 [INFO] Activator:177 - !SESSION log4j initialized
2025-02-22 20:30:23,059 [INFO] LogOutputStream:77 - [STDOUT_REDIRECT] 
2025-02-22 20:30:25,294 [INFO] ApplicationProperties:184 - Using Application install path: C:\ST\STM32CubeIDE_1.15.0\STM32CubeIDE\plugins\com.st.stm32cube.common.mx_6.13.0.202411220809
2025-02-22 20:30:25,320 [INFO] DbMcusXml:78 - Set database path to: C:\ST\STM32CubeIDE_1.15.0\STM32CubeIDE\plugins\com.st.stm32cube.common.mx_6.13.0.202411220809\\db\/mcu/
2025-02-22 20:30:25,320 [INFO] ApiDb:274 - Set plugin database path to: C:\ST\STM32CubeIDE_1.15.0\STM32CubeIDE\plugins\com.st.stm32cube.common.mx_6.13.0.202411220809\\db\/plugins/boardmanager/
2025-02-22 20:30:25,321 [WARN] ApiDb:259 - Overriding images path with different value:  => C:\ST\STM32CubeIDE_1.15.0\STM32CubeIDE\plugins\com.st.stm32cube.common.mx_6.13.0.202411220809\\db\/plugins/mcufinder/images/
2025-02-22 20:30:25,330 [INFO] ApiDb:250 - Set database path to: C:\Users\Engineering\.stmcufinder\plugins\mcufinder//mcu/
2025-02-22 20:30:25,332 [INFO] DbMcusAds:125 - Set database path to: C:\Users\Engineering\.stmcufinder\plugins\mcufinder//mcu/
2025-02-22 20:30:25,335 [INFO] CrossReferenceDbSqlite:203 - Set database path to: C:\Users\Engineering\.stmcufinder\plugins\mcufinder//mcu/cs/
2025-02-22 20:30:25,474 [INFO] RulesReader:64 - Compatibility file has been processed (297 Rules)
2025-02-22 20:30:25,574 [INFO] DbMcusXml:78 - Set database path to: C:\ST\STM32CubeIDE_1.15.0\STM32CubeIDE\plugins\com.st.stm32cube.common.mx_6.13.0.202411220809\\db\/mcu/
2025-02-22 20:30:25,574 [INFO] ApiDb:274 - Set plugin database path to: C:\ST\STM32CubeIDE_1.15.0\STM32CubeIDE\plugins\com.st.stm32cube.common.mx_6.13.0.202411220809\\db\/plugins/boardmanager/
2025-02-22 20:30:25,574 [INFO] ApiDb:261 - Set plugin images path to: C:\ST\STM32CubeIDE_1.15.0\STM32CubeIDE\plugins\com.st.stm32cube.common.mx_6.13.0.202411220809\\db\/plugins/mcufinder/images/
2025-02-22 20:30:25,574 [WARN] DbFile:41 - Overriding database path with different value: C:\Users\Engineering\.stmcufinder\plugins\mcufinder/ => C:\Users\Engineering\.stmcufinder\plugins\mcufinder
2025-02-22 20:30:25,574 [INFO] ApiDb:250 - Set database path to: C:\Users\Engineering\.stmcufinder\plugins\mcufinder//mcu/
2025-02-22 20:30:25,575 [WARN] DbFile:41 - Overriding database path with different value: C:\Users\Engineering\.stmcufinder\plugins\mcufinder/ => C:\Users\Engineering\.stmcufinder\plugins\mcufinder
2025-02-22 20:30:25,575 [INFO] DbMcusAds:125 - Set database path to: C:\Users\Engineering\.stmcufinder\plugins\mcufinder//mcu/
2025-02-22 20:30:25,575 [WARN] DbFile:41 - Overriding database path with different value: C:\Users\Engineering\.stmcufinder\plugins\mcufinder/ => C:\Users\Engineering\.stmcufinder\plugins\mcufinder
2025-02-22 20:30:25,575 [WARN] DbFile:41 - Overriding database path with different value: C:\Users\Engineering\.stmcufinder\plugins\mcufinder/ => C:\Users\Engineering\.stmcufinder\plugins\mcufinder
2025-02-22 20:30:25,575 [INFO] CrossReferenceDbSqlite:203 - Set database path to: C:\Users\Engineering\.stmcufinder\plugins\mcufinder//mcu/cs/
2025-02-22 20:30:25,671 [INFO] MainPanel:272 - HeapMemory: 268435456
2025-02-22 20:30:25,795 [INFO] DbMcusXml:78 - Set database path to: C:\ST\STM32CubeIDE_1.15.0\STM32CubeIDE\plugins\com.st.stm32cube.common.mx_6.13.0.202411220809\\db\/mcu/
2025-02-22 20:30:25,795 [INFO] ApiDb:274 - Set plugin database path to: C:\ST\STM32CubeIDE_1.15.0\STM32CubeIDE\plugins\com.st.stm32cube.common.mx_6.13.0.202411220809\\db\/plugins/boardmanager/
2025-02-22 20:30:25,795 [INFO] ApiDb:261 - Set plugin images path to: C:\ST\STM32CubeIDE_1.15.0\STM32CubeIDE\plugins\com.st.stm32cube.common.mx_6.13.0.202411220809\\db\/plugins/mcufinder/images/
2025-02-22 20:30:25,795 [WARN] DbFile:41 - Overriding database path with different value: C:\Users\Engineering\.stmcufinder\plugins\mcufinder/ => C:\Users\Engineering\.stmcufinder\plugins\mcufinder
2025-02-22 20:30:25,795 [INFO] ApiDb:250 - Set database path to: C:\Users\Engineering\.stmcufinder\plugins\mcufinder//mcu/
2025-02-22 20:30:25,795 [WARN] DbFile:41 - Overriding database path with different value: C:\Users\Engineering\.stmcufinder\plugins\mcufinder/ => C:\Users\Engineering\.stmcufinder\plugins\mcufinder
2025-02-22 20:30:25,796 [INFO] DbMcusAds:125 - Set database path to: C:\Users\Engineering\.stmcufinder\plugins\mcufinder//mcu/
2025-02-22 20:30:25,796 [WARN] DbFile:41 - Overriding database path with different value: C:\Users\Engineering\.stmcufinder\plugins\mcufinder/ => C:\Users\Engineering\.stmcufinder\plugins\mcufinder
2025-02-22 20:30:25,796 [WARN] DbFile:41 - Overriding database path with different value: C:\Users\Engineering\.stmcufinder\plugins\mcufinder/ => C:\Users\Engineering\.stmcufinder\plugins\mcufinder
2025-02-22 20:30:25,796 [INFO] CrossReferenceDbSqlite:203 - Set database path to: C:\Users\Engineering\.stmcufinder\plugins\mcufinder//mcu/cs/
2025-02-22 20:30:25,818 [INFO] ApplicationProperties:184 - Using Application install path: C:\ST\STM32CubeIDE_1.15.0\STM32CubeIDE\plugins\com.st.stm32cube.common.mx_6.13.0.202411220809
2025-02-22 20:30:25,820 [INFO] PluginManage:196 - Search for loadable plugins [exclusion list=, ]
2025-02-22 20:30:25,822 [INFO] PluginManage:310 - Check plugin analytics
2025-02-22 20:30:26,006 [INFO] AnalyticsPlugin:253 - Accepted Software Licenses: 
2025-02-22 20:30:26,007 [INFO] AnalyticsPlugin:255 - Accepted CMSIS Pack Licenses: 
2025-02-22 20:30:26,007 [INFO] AnalyticsPlugin:257 - Accepted Firmware Licenses: FW.F4.1.28.0
2025-02-22 20:30:26,011 [INFO] PluginManage:359 - Loaded plugin analytics (category:tool,tabindex:-1)
2025-02-22 20:30:26,012 [INFO] PluginManage:310 - Check plugin cadmodel
2025-02-22 20:30:26,018 [INFO] CADModel:105 - Init CAD model plugin
2025-02-22 20:30:26,019 [INFO] PluginManage:359 - Loaded plugin cadmodel (category:power,tabindex:5)
2025-02-22 20:30:26,019 [INFO] PluginManage:310 - Check plugin clock
2025-02-22 20:30:26,029 [INFO] PluginManage:359 - Loaded plugin clock (category:base,tabindex:2)
2025-02-22 20:30:26,030 [INFO] PluginManage:310 - Check plugin ddr
2025-02-22 20:30:26,033 [INFO] PluginManage:359 - Loaded plugin ddr (category:tool,tabindex:6)
2025-02-22 20:30:26,033 [INFO] PluginManage:310 - Check plugin filemanager
2025-02-22 20:30:26,269 [INFO] PluginManage:359 - Loaded plugin filemanager (category:base,tabindex:10)
2025-02-22 20:30:26,270 [INFO] PluginManage:310 - Check plugin ipmanager
2025-02-22 20:30:26,282 [INFO] PluginManage:359 - Loaded plugin ipmanager (category:base,tabindex:5)
2025-02-22 20:30:26,282 [INFO] PluginManage:310 - Check plugin lpbam
2025-02-22 20:30:26,294 [INFO] PluginManage:359 - Loaded plugin lpbam (category:base,tabindex:0)
2025-02-22 20:30:26,294 [INFO] PluginManage:310 - Check plugin memorymap
2025-02-22 20:30:26,311 [INFO] PluginManage:359 - Loaded plugin memorymap (category:base,tabindex:4)
2025-02-22 20:30:26,311 [INFO] PluginManage:310 - Check plugin pinoutandconfiguration
2025-02-22 20:30:26,321 [INFO] PluginManage:359 - Loaded plugin pinoutandconfiguration (category:base,tabindex:1)
2025-02-22 20:30:26,321 [INFO] PluginManage:310 - Check plugin pinoutconfig
2025-02-22 20:30:26,421 [WARN] SupportedApi:132 - Cannot load RTOS API schema: s4s-elt-must-match.1: The content of 'definitions' must match (annotation?, (simpleType | complexType)?, (unique | key | keyref)*)). A problem was found starting at: attribute.
2025-02-22 20:30:26,569 [INFO] PluginManage:359 - Loaded plugin pinoutconfig (category:base,tabindex:0)
2025-02-22 20:30:26,569 [INFO] PluginManage:310 - Check plugin power
2025-02-22 20:30:26,579 [INFO] PluginManage:359 - Loaded plugin power (category:power,tabindex:4)
2025-02-22 20:30:26,580 [INFO] PluginManage:310 - Check plugin projectmanager
2025-02-22 20:30:26,601 [INFO] PluginManage:359 - Loaded plugin projectmanager (category:projectmanager,tabindex:4)
2025-02-22 20:30:26,601 [INFO] PluginManage:310 - Check plugin rif
2025-02-22 20:30:26,607 [INFO] PluginManage:359 - Loaded plugin rif (category:base,tabindex:3)
2025-02-22 20:30:26,608 [INFO] PluginManage:310 - Check plugin thirdparty
2025-02-22 20:30:26,761 [INFO] PluginManage:359 - Loaded plugin thirdparty (category:base,tabindex:-1)
2025-02-22 20:30:26,761 [WARN] IntegrityCheckThread:84 - waiting for thirdparty lock release [integrity check]
2025-02-22 20:30:26,761 [INFO] PluginManage:310 - Check plugin tools
2025-02-22 20:30:26,762 [INFO] IntegrityCheckThread:86 - entering critical section [integrity check]
2025-02-22 20:30:26,763 [INFO] ThirdPartyUpdaterWithRetryManager:70 - Updater plugin not ready yet. [1/15]
2025-02-22 20:30:26,766 [INFO] PluginManage:359 - Loaded plugin tools (category:base,tabindex:7)
2025-02-22 20:30:26,766 [INFO] PluginManage:310 - Check plugin tutovideos
2025-02-22 20:30:26,960 [INFO] PluginManage:359 - Loaded plugin tutovideos (category:base,tabindex:-1)
2025-02-22 20:30:26,961 [INFO] PluginManage:310 - Check plugin updater
2025-02-22 20:30:26,984 [INFO] PluginManage:359 - Loaded plugin updater (category:base,tabindex:12)
2025-02-22 20:30:26,984 [INFO] PluginManage:310 - Check plugin userauth
2025-02-22 20:30:26,988 [INFO] UserAuth:118 - Init User Auth plugin
2025-02-22 20:30:26,989 [INFO] PluginManage:359 - Loaded plugin userauth (category:base,tabindex:14)
2025-02-22 20:30:26,990 [INFO] PluginManage:283 - PluginManage : Loaded plugins [18]
2025-02-22 20:30:27,249 [INFO] PinOutPanel:1589 - setPackage(No Configuration,No Configuration)
2025-02-22 20:30:27,356 [INFO] CADModel:165 - CPN selected for project level
2025-02-22 20:30:27,356 [INFO] CADModel:114 - Register for checkConnection events
2025-02-22 20:30:27,376 [INFO] IPUIPlugin:80 - create IPUIPlugin
2025-02-22 20:30:27,377 [INFO] PluginManager:220 - loadIPPluginJar : add adc
2025-02-22 20:30:27,381 [INFO] IPUIPlugin:80 - create IPUIPlugin
2025-02-22 20:30:27,381 [INFO] PluginManager:220 - loadIPPluginJar : add aes
2025-02-22 20:30:27,385 [INFO] IPUIPlugin:80 - create IPUIPlugin
2025-02-22 20:30:27,385 [INFO] PluginManager:220 - loadIPPluginJar : add can
2025-02-22 20:30:27,388 [INFO] IPUIPlugin:80 - create IPUIPlugin
2025-02-22 20:30:27,388 [INFO] PluginManager:220 - loadIPPluginJar : add comp
2025-02-22 20:30:27,391 [INFO] IPUIPlugin:80 - create IPUIPlugin
2025-02-22 20:30:27,392 [INFO] PluginManager:220 - loadIPPluginJar : add cryp
2025-02-22 20:30:27,396 [INFO] IPUIPlugin:80 - create IPUIPlugin
2025-02-22 20:30:27,397 [INFO] PluginManager:220 - loadIPPluginJar : add ddr_ctrl_phy
2025-02-22 20:30:27,401 [INFO] IPUIPlugin:80 - create IPUIPlugin
2025-02-22 20:30:27,401 [INFO] PluginManager:220 - loadIPPluginJar : add dfsdm
2025-02-22 20:30:27,407 [INFO] IPUIPlugin:80 - create IPUIPlugin
2025-02-22 20:30:27,408 [INFO] PluginManager:220 - loadIPPluginJar : add dma
2025-02-22 20:30:27,412 [INFO] IPUIPlugin:80 - create IPUIPlugin
2025-02-22 20:30:27,413 [INFO] PluginManager:220 - loadIPPluginJar : add dma3
2025-02-22 20:30:27,417 [INFO] IPUIPlugin:80 - create IPUIPlugin
2025-02-22 20:30:27,417 [INFO] PluginManager:220 - loadIPPluginJar : add extmemmanager
2025-02-22 20:30:27,420 [INFO] IPUIPlugin:80 - create IPUIPlugin
2025-02-22 20:30:27,420 [INFO] PluginManager:220 - loadIPPluginJar : add fatfs
2025-02-22 20:30:27,426 [INFO] IPUIPlugin:80 - create IPUIPlugin
2025-02-22 20:30:27,426 [INFO] PluginManager:220 - loadIPPluginJar : add fmc
2025-02-22 20:30:27,433 [INFO] IPUIPlugin:80 - create IPUIPlugin
2025-02-22 20:30:27,433 [INFO] PluginManager:220 - loadIPPluginJar : add freertos
2025-02-22 20:30:27,435 [INFO] IPUIPlugin:80 - create IPUIPlugin
2025-02-22 20:30:27,436 [INFO] PluginManager:220 - loadIPPluginJar : add genericplugin
2025-02-22 20:30:27,439 [INFO] IPUIPlugin:80 - create IPUIPlugin
2025-02-22 20:30:27,439 [INFO] PluginManager:220 - loadIPPluginJar : add gfxmmu
2025-02-22 20:30:27,445 [INFO] IPUIPlugin:80 - create IPUIPlugin
2025-02-22 20:30:27,446 [INFO] PluginManager:220 - loadIPPluginJar : add gic
2025-02-22 20:30:27,451 [INFO] IPUIPlugin:80 - create IPUIPlugin
2025-02-22 20:30:27,452 [INFO] PluginManager:220 - loadIPPluginJar : add gpio
2025-02-22 20:30:27,455 [INFO] IPUIPlugin:80 - create IPUIPlugin
2025-02-22 20:30:27,455 [INFO] PluginManager:220 - loadIPPluginJar : add gtzc
2025-02-22 20:30:27,459 [INFO] IPUIPlugin:80 - create IPUIPlugin
2025-02-22 20:30:27,459 [INFO] PluginManager:220 - loadIPPluginJar : add hash
2025-02-22 20:30:27,463 [INFO] IPUIPlugin:80 - create IPUIPlugin
2025-02-22 20:30:27,464 [INFO] PluginManager:220 - loadIPPluginJar : add i2c
2025-02-22 20:30:27,468 [INFO] IPUIPlugin:80 - create IPUIPlugin
2025-02-22 20:30:27,468 [INFO] PluginManager:220 - loadIPPluginJar : add i2s
2025-02-22 20:30:27,472 [INFO] IPUIPlugin:80 - create IPUIPlugin
2025-02-22 20:30:27,472 [INFO] PluginManager:220 - loadIPPluginJar : add i3c
2025-02-22 20:30:27,477 [INFO] IPUIPlugin:80 - create IPUIPlugin
2025-02-22 20:30:27,477 [INFO] PluginManager:220 - loadIPPluginJar : add ipddr
2025-02-22 20:30:27,486 [INFO] IPUIPlugin:80 - create IPUIPlugin
2025-02-22 20:30:27,486 [INFO] PluginManager:220 - loadIPPluginJar : add linkedlist
2025-02-22 20:30:27,491 [INFO] IPUIPlugin:80 - create IPUIPlugin
2025-02-22 20:30:27,491 [INFO] PluginManager:220 - loadIPPluginJar : add lorawan
2025-02-22 20:30:27,493 [INFO] IPUIPlugin:80 - create IPUIPlugin
2025-02-22 20:30:27,493 [INFO] PluginManager:220 - loadIPPluginJar : add ltdc
2025-02-22 20:30:27,501 [INFO] IPUIPlugin:80 - create IPUIPlugin
2025-02-22 20:30:27,502 [INFO] PluginManager:220 - loadIPPluginJar : add mdma
2025-02-22 20:30:27,506 [INFO] IPUIPlugin:80 - create IPUIPlugin
2025-02-22 20:30:27,506 [INFO] PluginManager:220 - loadIPPluginJar : add nvic
2025-02-22 20:30:27,510 [INFO] IPUIPlugin:80 - create IPUIPlugin
2025-02-22 20:30:27,510 [INFO] PluginManager:220 - loadIPPluginJar : add opamp
2025-02-22 20:30:27,515 [INFO] IPUIPlugin:80 - create IPUIPlugin
2025-02-22 20:30:27,515 [INFO] PluginManager:220 - loadIPPluginJar : add openamp
2025-02-22 20:30:27,519 [INFO] IPUIPlugin:80 - create IPUIPlugin
2025-02-22 20:30:27,519 [INFO] PluginManager:220 - loadIPPluginJar : add pdm2pcm
2025-02-22 20:30:27,527 [INFO] IPUIPlugin:80 - create IPUIPlugin
2025-02-22 20:30:27,531 [INFO] PluginManager:220 - loadIPPluginJar : add plateformsettings
2025-02-22 20:30:27,533 [INFO] IPUIPlugin:80 - create IPUIPlugin
2025-02-22 20:30:27,533 [INFO] PluginManager:220 - loadIPPluginJar : add quadspi
2025-02-22 20:30:27,535 [INFO] IPUIPlugin:80 - create IPUIPlugin
2025-02-22 20:30:27,536 [INFO] PluginManager:220 - loadIPPluginJar : add radio
2025-02-22 20:30:27,541 [INFO] IPUIPlugin:80 - create IPUIPlugin
2025-02-22 20:30:27,541 [INFO] PluginManager:220 - loadIPPluginJar : add resmgrutility
2025-02-22 20:30:27,546 [INFO] IPUIPlugin:80 - create IPUIPlugin
2025-02-22 20:30:27,546 [INFO] PluginManager:220 - loadIPPluginJar : add sai
2025-02-22 20:30:27,550 [INFO] IPUIPlugin:80 - create IPUIPlugin
2025-02-22 20:30:27,551 [INFO] PluginManager:220 - loadIPPluginJar : add spi
2025-02-22 20:30:27,557 [INFO] IPUIPlugin:80 - create IPUIPlugin
2025-02-22 20:30:27,557 [INFO] PluginManager:220 - loadIPPluginJar : add stm32_wpan
2025-02-22 20:30:27,560 [INFO] IPUIPlugin:80 - create IPUIPlugin
2025-02-22 20:30:27,560 [INFO] PluginManager:220 - loadIPPluginJar : add tim
2025-02-22 20:30:27,565 [INFO] IPUIPlugin:80 - create IPUIPlugin
2025-02-22 20:30:27,566 [INFO] PluginManager:220 - loadIPPluginJar : add touchsensing
2025-02-22 20:30:27,568 [INFO] IPUIPlugin:80 - create IPUIPlugin
2025-02-22 20:30:27,569 [INFO] PluginManager:220 - loadIPPluginJar : add tracer_emb
2025-02-22 20:30:27,571 [INFO] IPUIPlugin:80 - create IPUIPlugin
2025-02-22 20:30:27,571 [INFO] PluginManager:220 - loadIPPluginJar : add ts
2025-02-22 20:30:27,573 [INFO] IPUIPlugin:80 - create IPUIPlugin
2025-02-22 20:30:27,573 [INFO] PluginManager:220 - loadIPPluginJar : add tsc
2025-02-22 20:30:27,576 [INFO] IPUIPlugin:80 - create IPUIPlugin
2025-02-22 20:30:27,576 [INFO] PluginManager:220 - loadIPPluginJar : add ucpd
2025-02-22 20:30:27,581 [INFO] IPUIPlugin:80 - create IPUIPlugin
2025-02-22 20:30:27,581 [INFO] PluginManager:220 - loadIPPluginJar : add usart
2025-02-22 20:30:27,585 [INFO] IPUIPlugin:80 - create IPUIPlugin
2025-02-22 20:30:27,585 [INFO] PluginManager:220 - loadIPPluginJar : add usbx
2025-02-22 20:30:27,742 [FATAL] Updater:351 - Updater called before beeing initialized
2025-02-22 20:30:27,771 [INFO] RulesReader:64 - Compatibility file has been processed (297 Rules)
2025-02-22 20:30:27,785 [INFO] RulesReader:64 - Compatibility file has been processed (297 Rules)
2025-02-22 20:30:27,795 [INFO] CADModel:165 - CPN selected for project level
2025-02-22 20:30:27,795 [INFO] CADModel:114 - Register for checkConnection events
2025-02-22 20:30:27,795 [FATAL] Updater:351 - Updater called before beeing initialized
2025-02-22 20:30:27,795 [ERROR] CADModel:125 - Updater not yet initialized, retry later 
2025-02-22 20:30:27,961 [FATAL] Updater:351 - Updater called before beeing initialized
2025-02-22 20:30:27,964 [INFO] CADModel:165 - CPN selected for project level
2025-02-22 20:30:27,964 [INFO] CADModel:114 - Register for checkConnection events
2025-02-22 20:30:27,964 [FATAL] Updater:351 - Updater called before beeing initialized
2025-02-22 20:30:27,964 [ERROR] CADModel:125 - Updater not yet initialized, retry later 
2025-02-22 20:30:27,967 [FATAL] Updater:351 - Updater called before beeing initialized
2025-02-22 20:30:28,112 [FATAL] Updater:351 - Updater called before beeing initialized
2025-02-22 20:30:28,117 [INFO] DbMcusAds:53 - JSON generation date=Tue Dec 17 10:01:15 CST 2024 (1734451275111)
2025-02-22 20:30:28,117 [FATAL] Updater:351 - Updater called before beeing initialized
2025-02-22 20:30:28,156 [WARN] DetailPanel:346 - Failed to get advertising image, set to default
2025-02-22 20:30:28,417 [FATAL] Updater:351 - Updater called before beeing initialized
2025-02-22 20:30:28,419 [FATAL] Updater:351 - Updater called before beeing initialized
2025-02-22 20:30:28,419 [FATAL] Updater:351 - Updater called before beeing initialized
2025-02-22 20:30:28,419 [WARN] DetailPanel:346 - Failed to get advertising image, set to default
2025-02-22 20:30:28,420 [FATAL] Updater:351 - Updater called before beeing initialized
2025-02-22 20:30:28,473 [ERROR] Updater:1198 - MainUpdater not yet initialized. External WinMGr cannot be set.
2025-02-22 20:30:28,475 [INFO] Updater:1134 - Updater Version found : 6.13.0
2025-02-22 20:30:28,492 [INFO] ApplicationProperties:184 - Using Application install path: C:\ST\STM32CubeIDE_1.15.0\STM32CubeIDE\plugins\com.st.stm32cube.common.mx_6.13.0.202411220809
2025-02-22 20:30:29,764 [INFO] ThirdPartyUpdaterWithRetryManager:70 - Updater plugin not ready yet. [2/15]
2025-02-22 20:30:30,072 [ERROR] LogOutputStream:75 - [STDERR_REDIRECT] Feb 22, 2025 8:30:30 PM java.util.prefs.WindowsPreferences <init>
2025-02-22 20:30:30,074 [ERROR] LogOutputStream:75 - [STDERR_REDIRECT] WARNING: Could not open/create prefs root node Software\JavaSoft\Prefs at root 0xffffffff80000002. Windows RegCreateKeyEx(...) returned error code 5.
2025-02-22 20:30:30,074 [ERROR] LogOutputStream:75 - [STDERR_REDIRECT] 
2025-02-22 20:30:30,924 [INFO] MainUpdater:2872 - connection check result : 10
2025-02-22 20:30:30,925 [INFO] MainUpdater:289 - Updater Check For Update Now.
2025-02-22 20:30:30,925 [INFO] MicroXplorer:498 - Change Database Version : DB.6.0.130
2025-02-22 20:30:30,937 [INFO] McuFinderGlobals:63 - Set McuFinder mode to 2 (CubeIDE integrated)
2025-02-22 20:30:30,940 [INFO] UserAuth:486 - Internet connection configuration mode: 1
2025-02-22 20:30:30,968 [INFO] JxBrowserEngine:152 - Initiate JxBrowser Engine with user profile folder
2025-02-22 20:30:31,130 [INFO] CheckServerUpdateThread:120 - End of CheckServer Thread
2025-02-22 20:30:31,931 [INFO] WebApp:168 - Instantiating new browser for Auth
2025-02-22 20:30:32,720 [INFO] WebApp:449 - Apply proxy settings
2025-02-22 20:30:32,720 [INFO] WebApp:534 - Chromium requires no authentication
2025-02-22 20:30:32,731 [INFO] WebApp:477 - Direct internet connection detected
2025-02-22 20:30:32,763 [INFO] WebApp:880 - Register for checkConnection events
2025-02-22 20:30:32,763 [INFO] WebApp:449 - Apply proxy settings
2025-02-22 20:30:32,764 [INFO] WebApp:534 - Chromium requires no authentication
2025-02-22 20:30:32,764 [INFO] WebApp:477 - Direct internet connection detected
2025-02-22 20:30:33,016 [INFO] WebApp:187 - Connection restablished
2025-02-22 20:30:33,067 [INFO] WebApp:221 - Starting web application
2025-02-22 20:30:33,068 [INFO] WebApp:579 - Web application path used C:\ST\STM32CubeIDE_1.15.0\STM32CubeIDE\plugins\com.st.stm32cube.common.mx_6.13.0.202411220809\db\plugins\mcufinder\reactClient1\index.html
2025-02-22 20:30:33,096 [WARN] PackLoader:240 - Cannot read IP mode file for STMicroelectronics.FP-SNS-MOTENVWB1.1.4.0
2025-02-22 20:30:33,118 [WARN] PackLoader:240 - Cannot read IP mode file for STMicroelectronics.FP-ATR-ASTRA1.2.0.1
2025-02-22 20:30:33,141 [WARN] PackLoader:240 - Cannot read IP mode file for STMicroelectronics.X-CUBE-SMBUS.2.1.0
2025-02-22 20:30:33,164 [WARN] PackLoader:240 - Cannot read IP mode file for STMicroelectronics.X-CUBE-WB05N.1.1.0
2025-02-22 20:30:33,176 [WARN] PackLoader:240 - Cannot read IP mode file for STMicroelectronics.X-CUBE-TOUCHGFX.4.23.2
2025-02-22 20:30:33,238 [WARN] PackLoader:240 - Cannot read IP mode file for STMicroelectronics.X-CUBE-AZRTOS-F7.1.1.0
2025-02-22 20:30:33,256 [WARN] PackLoader:240 - Cannot read IP mode file for STMicroelectronics.FP-SNS-FLIGHT1.5.0.2
2025-02-22 20:30:33,291 [WARN] PackLoader:240 - Cannot read IP mode file for STMicroelectronics.X-CUBE-DISPLAY.3.0.0
2025-02-22 20:30:33,310 [WARN] PackLoader:240 - Cannot read IP mode file for STMicroelectronics.X-CUBE-BLE1.7.0.0
2025-02-22 20:30:33,327 [WARN] PackLoader:240 - Cannot read IP mode file for STMicroelectronics.X-CUBE-NFC10.1.0.0
2025-02-22 20:30:33,351 [WARN] PackLoader:240 - Cannot read IP mode file for STMicroelectronics.X-CUBE-BLEMGR.4.0.0
2025-02-22 20:30:33,380 [WARN] PackLoader:240 - Cannot read IP mode file for emotas.I-CUBE-CANOPEN.1.3.0
2025-02-22 20:30:33,404 [WARN] PackLoader:240 - Cannot read IP mode file for STMicroelectronics.X-CUBE-BLEMGR.3.1.0
2025-02-22 20:30:33,415 [WARN] PackLoader:240 - Cannot read IP mode file for STMicroelectronics.X-CUBE-AI.10.0.0
2025-02-22 20:30:33,425 [WARN] PackLoader:240 - Cannot read IP mode file for STMicroelectronics.FP-SNS-SMARTAG2.1.2.0
2025-02-22 20:30:33,444 [INFO] UserAuth:486 - Internet connection configuration mode: 1
2025-02-22 20:30:33,538 [WARN] PackLoader:240 - Cannot read IP mode file for STMicroelectronics.X-CUBE-MEMS1.11.1.0
2025-02-22 20:30:33,951 [INFO] LogOutputStream:77 - [STDOUT_REDIRECT] 1 : Invalid condition id : UX_CORESTACK_Condition cause : null
2025-02-22 20:30:33,952 [INFO] LogOutputStream:77 - [STDOUT_REDIRECT] 1 : Invalid condition id : UX_CORESTACK_Condition cause : null
2025-02-22 20:30:33,954 [INFO] LogOutputStream:77 - [STDOUT_REDIRECT] 1 : Invalid condition id : UX_CORESTACK_Condition cause : null
2025-02-22 20:30:33,956 [INFO] LogOutputStream:77 - [STDOUT_REDIRECT] 1 : Invalid condition id : UX_CORESTACK_Condition cause : null
2025-02-22 20:30:33,959 [INFO] LogOutputStream:77 - [STDOUT_REDIRECT] 1 : Invalid condition id : UX_CORESTACK_Condition cause : null
2025-02-22 20:30:33,964 [WARN] PackLoader:240 - Cannot read IP mode file for STMicroelectronics.X-CUBE-AZRTOS-WL.2.0.0
2025-02-22 20:30:33,975 [WARN] PackLoader:240 - Cannot read IP mode file for STMicroelectronics.FP-SNS-MOTENV1.5.0.0
2025-02-22 20:30:33,984 [WARN] PackLoader:240 - Cannot read IP mode file for wolfSSL.I-CUBE-wolfMQTT.1.19.0
2025-02-22 20:30:33,998 [WARN] PackLoader:240 - Cannot read IP mode file for WES.I-CUBE-Cesium.1.3.0
2025-02-22 20:30:34,007 [WARN] PackLoader:240 - Cannot read IP mode file for STMicroelectronics.X-CUBE-BLE2.3.3.0
2025-02-22 20:30:34,017 [WARN] PackLoader:240 - Cannot read IP mode file for STMicroelectronics.X-CUBE-NFC9.1.0.0
2025-02-22 20:30:34,027 [WARN] PackLoader:240 - Cannot read IP mode file for STMicroelectronics.X-CUBE-TCPP.4.1.0
2025-02-22 20:30:34,040 [WARN] PackLoader:240 - Cannot read IP mode file for STMicroelectronics.X-CUBE-ALGOBUILD.1.3.0
2025-02-22 20:30:34,063 [WARN] PackLoader:240 - Cannot read IP mode file for STMicroelectronics.X-CUBE-AZRTOS-G0.1.1.0
2025-02-22 20:30:34,076 [WARN] PackLoader:240 - Cannot read IP mode file for STMicroelectronics.X-CUBE-SAFEA1.1.2.2
2025-02-22 20:30:34,090 [WARN] PackLoader:240 - Cannot read IP mode file for STMicroelectronics.X-CUBE-NFC4.3.0.0
2025-02-22 20:30:34,107 [WARN] PackLoader:240 - Cannot read IP mode file for EmbeddedOffice.I-CUBE-FS-RTOS.1.0.1
2025-02-22 20:30:34,126 [WARN] PackLoader:240 - Cannot read IP mode file for STMicroelectronics.X-CUBE-TCPP.4.2.0
2025-02-22 20:30:34,139 [WARN] PackLoader:240 - Cannot read IP mode file for RealThread.X-CUBE-RT-Thread_Nano.4.1.1
2025-02-22 20:30:34,148 [WARN] PackLoader:240 - Cannot read IP mode file for wolfSSL.I-CUBE-wolfSSL.5.7.0
2025-02-22 20:30:34,157 [WARN] PackLoader:240 - Cannot read IP mode file for STMicroelectronics.FP-ATR-SIGFOX1.3.2.0
2025-02-22 20:30:34,166 [WARN] ConditionMgr:438 - getConditionDescription Invalid condition id : Cortex-A Device cause : null
2025-02-22 20:30:34,215 [WARN] ConditionMgr:1044 - genDependencies : Invalid condition id : Cortex-A Device cause : null
2025-02-22 20:30:34,215 [WARN] ConditionMgr:1044 - genDependencies : Invalid condition id : Cortex-A Device cause : null
2025-02-22 20:30:34,216 [WARN] ConditionMgr:1044 - genDependencies : Invalid condition id : Cortex-A Device cause : null
2025-02-22 20:30:34,226 [WARN] PackLoader:240 - Cannot read IP mode file for STMicroelectronics.X-CUBE-EEPRMA1.5.1.0
2025-02-22 20:30:34,243 [WARN] PackLoader:240 - Cannot read IP mode file for ITTIA_DB.I-CUBE-ITTIADB.8.9.0
2025-02-22 20:30:34,309 [WARN] PackLoader:240 - Cannot read IP mode file for SEGGER.I-CUBE-embOS.1.3.1
2025-02-22 20:30:34,371 [WARN] PackLoader:240 - Cannot read IP mode file for STMicroelectronics.X-CUBE-ALGOBUILD.1.4.0
2025-02-22 20:30:34,380 [WARN] PackLoader:240 - Cannot read IP mode file for STMicroelectronics.X-CUBE-AI.9.1.0
2025-02-22 20:30:34,395 [WARN] PackLoader:240 - Cannot read IP mode file for STMicroelectronics.X-CUBE-GNSS1.6.0.0
2025-02-22 20:30:34,441 [WARN] PackLoader:240 - Cannot read IP mode file for STMicroelectronics.X-CUBE-AZRTOS-F4.1.1.0
2025-02-22 20:30:34,455 [WARN] PackLoader:240 - Cannot read IP mode file for STMicroelectronics.X-CUBE-ISPU.2.1.0
2025-02-22 20:30:34,476 [WARN] PackLoader:240 - Cannot read IP mode file for STMicroelectronics.X-CUBE-AZRTOS-L5.2.0.0
2025-02-22 20:30:34,491 [WARN] PackLoader:240 - Cannot read IP mode file for STMicroelectronics.X-CUBE-NFC6.3.1.0
2025-02-22 20:30:34,502 [WARN] PackLoader:240 - Cannot read IP mode file for STMicroelectronics.X-CUBE-DPower.1.2.0
2025-02-22 20:30:34,508 [WARN] PackLoader:240 - Cannot read IP mode file for STMicroelectronics.X-CUBE-AI.9.0.0
2025-02-22 20:30:34,516 [WARN] PackLoader:240 - Cannot read IP mode file for STMicroelectronics.X-CUBE-FREERTOS.1.3.0
2025-02-22 20:30:34,524 [WARN] PackLoader:240 - Cannot read IP mode file for STMicroelectronics.X-CUBE-NFC7.1.0.1
2025-02-22 20:30:34,549 [WARN] PackLoader:240 - Cannot read IP mode file for STMicroelectronics.X-CUBE-AI.8.1.0
2025-02-22 20:30:34,571 [WARN] ConditionMgr:438 - getConditionDescription Invalid condition id : LAN8742 Phy interface Condition cause : null
2025-02-22 20:30:34,572 [WARN] PackLoader:240 - Cannot read IP mode file for STMicroelectronics.X-CUBE-AZRTOS-L4.2.0.0
2025-02-22 20:30:34,573 [WARN] ConditionMgr:1044 - genDependencies : Invalid condition id : LAN8742 Phy interface Condition cause : null
2025-02-22 20:30:34,574 [WARN] ConditionMgr:1044 - genDependencies : Invalid condition id : LAN8742 Phy interface Condition cause : null
2025-02-22 20:30:34,575 [WARN] ConditionMgr:1044 - genDependencies : Invalid condition id : LAN8742 Phy interface Condition cause : null
2025-02-22 20:30:34,587 [WARN] PackLoader:240 - Cannot read IP mode file for STMicroelectronics.X-CUBE-SFXS2LP1.4.0.0
2025-02-22 20:30:34,612 [WARN] PackLoader:240 - Cannot read IP mode file for STMicroelectronics.X-CUBE-AZRTOS-H7.3.3.0
2025-02-22 20:30:34,629 [WARN] PackLoader:240 - Cannot read IP mode file for STMicroelectronics.X-CUBE-IPS.3.0.0
2025-02-22 20:30:34,648 [WARN] ConditionMgr:438 - getConditionDescription Invalid condition id : UX DEVICE CLASS RTOS Condition cause : null
2025-02-22 20:30:34,649 [WARN] ConditionMgr:438 - getConditionDescription Invalid condition id : UX DEVICE CLASS RTOS Condition cause : null
2025-02-22 20:30:34,652 [WARN] PackLoader:240 - Cannot read IP mode file for STMicroelectronics.X-CUBE-AZRTOS-WB.2.0.0
2025-02-22 20:30:34,653 [WARN] ConditionMgr:1044 - genDependencies : Invalid condition id : UX DEVICE CLASS RTOS Condition cause : null
2025-02-22 20:30:34,653 [WARN] ConditionMgr:1044 - genDependencies : Invalid condition id : UX DEVICE CLASS RTOS Condition cause : null
2025-02-22 20:30:34,654 [WARN] ConditionMgr:1044 - genDependencies : Invalid condition id : UX DEVICE CLASS RTOS Condition cause : null
2025-02-22 20:30:34,655 [WARN] ConditionMgr:1044 - genDependencies : Invalid condition id : UX DEVICE CLASS RTOS Condition cause : null
2025-02-22 20:30:34,655 [WARN] ConditionMgr:1044 - genDependencies : Invalid condition id : UX DEVICE CLASS RTOS Condition cause : null
2025-02-22 20:30:34,663 [WARN] PackLoader:240 - Cannot read IP mode file for STMicroelectronics.X-CUBE-GNSS1.7.0.1
2025-02-22 20:30:34,673 [WARN] PackLoader:240 - Cannot read IP mode file for STMicroelectronics.FP-SNS-STBOX1.2.0.0
2025-02-22 20:30:34,688 [WARN] PackLoader:240 - Cannot read IP mode file for STMicroelectronics.X-CUBE-SUBG2.5.0.0
2025-02-22 20:30:34,700 [WARN] PackLoader:240 - Cannot read IP mode file for Cesanta.I-CUBE-Mongoose.7.13.0
2025-02-22 20:30:34,716 [WARN] PackLoader:240 - Cannot read IP mode file for STMicroelectronics.X-CUBE-AZRTOS-G4.2.0.0
2025-02-22 20:30:34,723 [WARN] PackLoader:240 - Cannot read IP mode file for STMicroelectronics.FP-SNS-MOTENVWB1.1.3.1
2025-02-22 20:30:34,730 [WARN] PackLoader:240 - Cannot read IP mode file for STMicroelectronics.X-CUBE-ISPU.2.0.0
2025-02-22 20:30:34,756 [WARN] PackLoader:240 - Cannot read IP mode file for STMicroelectronics.X-CUBE-IPS.3.1.0
2025-02-22 20:30:34,777 [WARN] PackLoader:240 - Cannot read IP mode file for STMicroelectronics.X-CUBE-ALS.1.0.2
2025-02-22 20:30:34,821 [WARN] PackLoader:240 - Cannot read IP mode file for STMicroelectronics.X-CUBE-MEMS1.10.0.0
2025-02-22 20:30:34,935 [WARN] PackLoader:240 - Cannot read IP mode file for STMicroelectronics.X-CUBE-FREERTOS.1.1.0
2025-02-22 20:30:34,940 [WARN] PackLoader:240 - Cannot read IP mode file for STMicroelectronics.X-CUBE-TOUCHGFX.4.24.2
2025-02-22 20:30:34,946 [WARN] PackLoader:240 - Cannot read IP mode file for STMicroelectronics.X-CUBE-TOUCHGFX.4.24.1
2025-02-22 20:30:34,951 [WARN] PackLoader:240 - Cannot read IP mode file for wolfSSL.I-CUBE-wolfTPM.3.4.0
2025-02-22 20:30:34,959 [WARN] PackLoader:240 - Cannot read IP mode file for portGmbH.I-Cube-SoM-uGOAL.1.1.0
2025-02-22 20:30:34,965 [WARN] PackLoader:240 - Cannot read IP mode file for STMicroelectronics.X-CUBE-ALS.1.0.1
2025-02-22 20:30:34,983 [WARN] PackLoader:240 - Cannot read IP mode file for STMicroelectronics.X-CUBE-AZRTOS-H7RS.1.0.0
2025-02-22 20:30:34,990 [WARN] PackLoader:240 - Cannot read IP mode file for STMicroelectronics.FP-ATR-ASTRA1.2.0.0
2025-02-22 20:30:35,002 [WARN] PackLoader:240 - Cannot read IP mode file for STMicroelectronics.X-CUBE-TOF1.3.4.2
2025-02-22 20:30:35,021 [WARN] PackLoader:240 - Cannot read IP mode file for STMicroelectronics.X-CUBE-TOF1.3.4.1
2025-02-22 20:30:35,053 [WARN] PackLoader:240 - Cannot read IP mode file for STMicroelectronics.X-CUBE-AZRTOS-H7.3.2.0
2025-02-22 20:30:35,069 [WARN] PackLoader:240 - Cannot read IP mode file for Infineon.AIROC-Wi-Fi-Bluetooth-STM32.1.6.0
2025-02-22 20:30:35,078 [WARN] PackLoader:240 - Cannot read IP mode file for wolfSSL.I-CUBE-wolfSSH.1.4.17
2025-02-22 20:30:35,079 [INFO] ThirdParty:978 - Integrity check success = true
2025-02-22 20:30:35,080 [INFO] IntegrityCheckThread:100 - exiting critical section [integrity check]
2025-02-22 20:30:35,080 [INFO] IntegrityCheckThread:103 - End integrity checks thread
2025-02-22 20:30:46,112 [INFO] McuFinderGlobals:63 - Set McuFinder mode to 2 (CubeIDE integrated)
2025-02-22 20:30:46,155 [INFO] MainUpdater:2872 - connection check result : 10
2025-02-22 20:30:46,196 [INFO] McuFinderGlobals:76 - Set McuFinderConnectedMode to true
2025-02-22 20:30:46,474 [INFO] ServerAccessManage:473 - Download File mcusAds.json._tmp_
2025-02-22 20:30:46,589 [INFO] LoadUrlFilesThread:156 - End of LoadUrlFiles Thread
2025-02-22 20:30:48,723 [INFO] ServerAccessManage:473 - Download File cube-finder-db.zip
2025-02-22 20:30:54,315 [INFO] FileExtend:240 - Unzip File : cube-finder-db.zip
2025-02-22 20:30:54,316 [INFO] FileExtend:255 - Standard Zip Deflate
2025-02-22 20:30:55,573 [INFO] LoadUrlFilesThread:156 - End of LoadUrlFiles Thread
2025-02-22 20:30:56,375 [INFO] ServerAccessManage:473 - Download File crdb.zip
2025-02-22 20:30:57,366 [INFO] FileExtend:240 - Unzip File : crdb.zip
2025-02-22 20:30:57,367 [INFO] FileExtend:255 - Standard Zip Deflate
2025-02-22 20:30:57,512 [INFO] LoadUrlFilesThread:156 - End of LoadUrlFiles Thread
2025-02-22 20:30:59,238 [INFO] ServerAccessManage:473 - Download File tutoVideoDB.zip
2025-02-22 20:30:59,258 [INFO] FileExtend:240 - Unzip File : tutoVideoDB.zip
2025-02-22 20:30:59,258 [INFO] FileExtend:255 - Standard Zip Deflate
2025-02-22 20:30:59,381 [INFO] LoadUrlFilesThread:156 - End of LoadUrlFiles Thread
2025-02-22 20:30:59,383 [WARN] DbFile:41 - Overriding database path with different value: C:\Users\Engineering\.stmcufinder\plugins\mcufinder/ => C:\Users\Engineering\.stmcufinder\plugins\mcufinder
2025-02-22 20:31:00,305 [INFO] ServerAccessManage:473 - Download File api_config.json
2025-02-22 20:31:00,416 [INFO] LoadUrlFilesThread:156 - End of LoadUrlFiles Thread
2025-02-22 20:31:00,417 [INFO] DbMcusAds:53 - JSON generation date=Tue Dec 17 10:01:15 CST 2024 (1734451275111)
2025-02-22 20:31:00,441 [INFO] LoadUrlFilesThread:185 - End of LoadServerUrlFiles without Thread
2025-02-22 20:31:00,442 [INFO] TargetSelectorAdapter:259 - Refresh data is successful
2025-02-22 20:31:01,251 [INFO] ApiDb:581 - Connected to CubeFinder SQLite database (C:\Users\Engineering\.stmcufinder\plugins\mcufinder\mcu\cube-finder-db.db)
2025-02-22 20:31:01,338 [INFO] ApiDb:668 - CubeFinder database Data Model version=2.1
2025-02-22 20:31:01,338 [INFO] ApiDb:669 - CubeFinder database Configuration version=3.0.39
2025-02-22 20:31:01,338 [INFO] ApiDb:670 - CubeFinder database generation date=2025-02-07 (1738919966)
2025-02-22 20:31:01,339 [INFO] ApiDb:671 - CubeFinder database FW Pack versions=[FP-ATR-ASTRA1_V2.0.0, FP-SNS-FLIGHT1_V5.0.2, FP-SNS-MOTENV1_V5.0.0, FP-SNS-MOTENVWB1_V1.4.0, FP-SNS-SMARTAG2_V1.2.0, FP-SNS-STBOX1_V2.0.0, STM32Cube_FW_C0_V1.3.0, STM32Cube_FW_F4_V1.28.1, STM32Cube_FW_F7_V1.17.2, STM32Cube_FW_G0_V1.6.2, STM32Cube_FW_G4_V1.6.1, STM32Cube_FW_H5_V1.4.0, STM32Cube_FW_H7RS_V1.1.0, STM32Cube_FW_H7_V1.12.0, STM32Cube_FW_L0_V1.12.2, STM32Cube_FW_L4_V1.18.1, STM32Cube_FW_L5_V1.5.1, STM32Cube_FW_N6_V1.0.0, STM32Cube_FW_U0_V1.2.0, STM32Cube_FW_U3_V1.0.0, STM32Cube_FW_U5_V1.7.0, STM32Cube_FW_WB0_V1.1.0, STM32Cube_FW_WBA_V1.5.0, STM32Cube_FW_WB_V1.21.0, STM32Cube_FW_WL3_V1.0.0, STM32Cube_FW_WL_V1.3.0, X-CUBE-ALGOBUILD_V1.4.0, X-CUBE-ALS_V1.0.2, X-CUBE-AZRTOS-F4_V1.1.0, X-CUBE-AZRTOS-F7_V1.1.0, X-CUBE-AZRTOS-G0_V1.1.0, X-CUBE-AZRTOS-G4_V2.0.0, X-CUBE-AZRTOS-H7RS_V1.0.0, X-CUBE-AZRTOS-H7_V3.3.0, X-CUBE-AZRTOS-L4_V2.0.0, X-CUBE-AZRTOS-L5_V2.0.0, X-CUBE-AZRTOS-WB_V2.0.0, X-CUBE-AZRTOS-WL_V2.0.0, X-CUBE-BLE1_V7.0.0, X-CUBE-BLE2_V3.3.0, X-CUBE-BLEMGR_V4.0.0, X-CUBE-EEPRMA1_V5.1.0, X-CUBE-FREERTOS_V1.2.0, X-CUBE-GNSS1_V6.0.0, X-CUBE-MEMS1_V11.1.0, X-CUBE-NFC4_V3.0.0, X-CUBE-NFC7_V1.0.1, X-CUBE-SFXS2LP1_V4.0.0, X-CUBE-SUBG2_V5.0.0, X-CUBE-TOF1_V3.4.2]
2025-02-22 20:31:03,836 [INFO] ApiDb:240 - Found 858 in-development CPN: [B-G473E-ZEST1S, B-WB1M-WPAN1, B-WBA5M-WPAN, B-WL5M-SUBG1, NUCLEO-C031C6, NUCLEO-C051C8, NUCLEO-C071RB, NUCLEO-C092RC, NUCLEO-H503RB, NUCLEO-H533RE, NUCLEO-H563ZI, NUCLEO-H7S3L8, NUCLEO-N657X0-Q, NUCLEO-U031R8, NUCLEO-U083RC, NUCLEO-U385RG-Q, NUCLEO-U545RE-Q, NUCLEO-U5A5ZJ-Q, NUCLEO-WB05KZ, NUCLEO-WB07CC, NUCLEO-WB09KE, NUCLEO-WBA52CG, NUCLEO-WBA55CG, NUCLEO-WL33CC1, NUCLEO-WL33CC2, STEVAL-PROTEUS1, STEVAL-SMARTAG2, STEVAL-STWINBX1, STM320518-EVAL, STM32C0116-DK, STM32C011D6Y3TR, STM32C011D6Y6TR, STM32C011F4P3, STM32C011F4P6, STM32C011F4U3, STM32C011F4U6TR, STM32C011F6P3, STM32C011F6P6, STM32C011F6U3, STM32C011F6U6TR, STM32C011J4M3, STM32C011J4M6, STM32C011J6M3, STM32C011J6M6, STM32C0316-DK, STM32C031C4T3, STM32C031C4T6, STM32C031C4U3, STM32C031C4U6, STM32C031C6T3, STM32C031C6T6, STM32C031C6U3, STM32C031C6U6, STM32C031F4P3, STM32C031F4P6, STM32C031F6P3, STM32C031F6P6, STM32C031G4U3, STM32C031G4U6, STM32C031G6U3, STM32C031G6U6, STM32C031K4T3, STM32C031K4T6, STM32C031K4U3, STM32C031K4U6, STM32C031K6T3, STM32C031K6T6, STM32C031K6U3, STM32C031K6U6, STM32C051C6T6, STM32C051C6U6, STM32C051C8T6, STM32C051C8U6, STM32C051D8Y6TR, STM32C051F6P6, STM32C051F8P6, STM32C051G6U6, STM32C051G8U6, STM32C051K6T6, STM32C051K6U6, STM32C051K8T6, STM32C071C8T6, STM32C071C8T6N, STM32C071C8U6, STM32C071C8U6N, STM32C071CBT6, STM32C071CBT6N, STM32C071CBU6, STM32C071CBU6N, STM32C071F8P6, STM32C071F8P6N, STM32C071FBP6, STM32C071FBP6N, STM32C071FBY6TR, STM32C071G8U6, STM32C071G8U6N, STM32C071GBU6, STM32C071GBU6N, STM32C071K8T6, STM32C071K8T6N, STM32C071K8U6, STM32C071K8U6N, STM32C071KBT6, STM32C071KBT6N, STM32C071KBU6, STM32C071KBU6N, STM32C071R8T6, STM32C071R8T6N, STM32C071RBI6N, STM32C071RBT6, STM32C071RBT6N, STM32C091CBT6, STM32C091CBU6, STM32C091CCT6, STM32C091CCU6, STM32C091ECY6TR, STM32C091FBP6, STM32C091FCP6, STM32C091GBU6, STM32C091GCU6, STM32C091KBT6, STM32C091KBU6, STM32C091KCT6, STM32C091KCU6, STM32C091RBT6, STM32C091RCI6, STM32C091RCT6, STM32C092CBT6, STM32C092CBU6, STM32C092CCT6, STM32C092CCU6, STM32C092ECY6TR, STM32C092FBP6, STM32C092FCP6, STM32C092GBU6, STM32C092GCU6, STM32C092KBT6, STM32C092KBU6, STM32C092KCT6, STM32C092KCU6, STM32C092RBT6, STM32C092RCI6, STM32C092RCT6, STM32G071K8TXN, STM32G071K8UXN, STM32G081GBU6N, STM32G081KBT6N, STM32G081KBUXN, STM32G0B1CCT6N, STM32G0B1KCT6, STM32G0B1NEY6TR, STM32G0B1RCT6N, STM32G0C1CCT6, STM32G0C1CCT6N, STM32G0C1CCU6N, STM32G0C1CET6N, STM32G0C1CEU6N, STM32G0C1KCT6, STM32G0C1NEY6TR, STM32G0C1RCI6N, STM32G0C1RCT6N, STM32G0C1REI6N, STM32G0C1RET6N, STM32G0C1VCI6, STM32G0C1VEI6, STM32G411C6T3, STM32G411C6T6, STM32G411C6U3, STM32G411C6U6, STM32G411C8T3, STM32G411C8T6, STM32G411C8U3, STM32G411C8U6, STM32G411CBT3, STM32G411CBT6, STM32G411CBU3, STM32G411CBU6, STM32G411CCT3, STM32G411CCT6, STM32G411CCU3, STM32G411CCU6, STM32G411K6T3, STM32G411K6T6, STM32G411K6U3, STM32G411K6U6, STM32G411K8T3, STM32G411K8T6, STM32G411K8U3, STM32G411K8U6, STM32G411KBT3, STM32G411KBT6, STM32G411KBU3, STM32G411KBU6, STM32G411M6T3, STM32G411M6T6, STM32G411M8T3, STM32G411M8T6, STM32G411MBT3, STM32G411MBT6, STM32G411MCT3, STM32G411MCT6, STM32G411R6T3, STM32G411R6T6, STM32G411R8T3, STM32G411R8T6, STM32G411RBT3, STM32G411RBT6, STM32G411RCT3, STM32G411RCT6, STM32G414CBT3, STM32G414CBT6, STM32G414CBU3, STM32G414CBU6, STM32G414CCT3, STM32G414CCT6, STM32G414CCU3, STM32G414CCU6, STM32G414MBT3, STM32G414MBT6, STM32G414MCT3, STM32G414MCT6, STM32G414RBT3, STM32G414RBT6, STM32G414RCT3, STM32G414RCT6, STM32G414VBT3, STM32G414VBT6, STM32G414VCT3, STM32G414VCT6, STM32G431CBT3Z, STM32G431RBT3Z, STM32G471CCT6, STM32G471CCU6, STM32G471CET3, STM32G471CET6, STM32G471CEU3, STM32G471CEU6, STM32G471MCT6, STM32G471MET3, STM32G471MET6, STM32G471MEY6TR, STM32G471QCT6, STM32G471QET3, STM32G471RCT6, STM32G471RET3, STM32G471RET6, STM32G471VCH6, STM32G471VCI6, STM32G471VCT6, STM32G471VEH3, STM32G471VEH6, STM32G471VEI3, STM32G471VEI6, STM32G471VET3, STM32G471VET6, STM32G473QET3Z, STM32G473RET3Z, STM32G474CCT6, STM32G491RET3Z, STM32H503CBT6, STM32H503CBU6, STM32H503EBY6TR, STM32H503KBU6, STM32H503RBT6, STM32H523CCT6, STM32H523CCU6, STM32H523CET6, STM32H523CEU6, STM32H523HEY6TR, STM32H523RCT6, STM32H523RET6, STM32H523VCI6, STM32H523VCT6, STM32H523VEI6, STM32H523VET6, STM32H523ZCJ6, STM32H523ZCT6, STM32H523ZEJ6, STM32H523ZET6, STM32H533CET6, STM32H533CEU6, STM32H533HEY6TR, STM32H533RET6, STM32H533VEI6, STM32H533VET6, STM32H533ZEJ6, STM32H533ZET6, STM32H562AGI6, STM32H562AII6, STM32H562IGK6, STM32H562IGT6, STM32H562IIK6, STM32H562IIT6, STM32H562RGT6, STM32H562RGV6, STM32H562RIT6, STM32H562RIV6, STM32H562VGT6, STM32H562VIT6, STM32H562ZGT6, STM32H562ZIT6, STM32H563AGI6, STM32H563AII3Q, STM32H563AII6, STM32H563IGK6, STM32H563IGT6, STM32H563IIK3Q, STM32H563IIK6, STM32H563IIT3Q, STM32H563IIT6, STM32H563MIY3QTR, STM32H563RGT6, STM32H563RGV6, STM32H563RIT6, STM32H563RIV6, STM32H563VGT6, STM32H563VIT3Q, STM32H563VIT6, STM32H563ZGT6, STM32H563ZIT3Q, STM32H563ZIT6, STM32H573AII3Q, STM32H573AII6, STM32H573I-DK, STM32H573IIK3Q, STM32H573IIK6, STM32H573IIT3Q, STM32H573IIT6, STM32H573MIY3QTR, STM32H573RIT6, STM32H573RIV6, STM32H573VIT3Q, STM32H573VIT6, STM32H573ZIT3Q, STM32H573ZIT6, STM32H7R3A8I6, STM32H7R3I8K6, STM32H7R3I8T6, STM32H7R3L8H6, STM32H7R3L8H6H, STM32H7R3R8V6, STM32H7R3V8H6, STM32H7R3V8T6, STM32H7R3V8Y6TR, STM32H7R3Z8J6, STM32H7R3Z8T6, STM32H7R7A8I6, STM32H7R7I8K6, STM32H7R7I8T6, STM32H7R7L8H6, STM32H7R7L8H6H, STM32H7R7Z8J6, STM32H7S3A8I6, STM32H7S3I8K6, STM32H7S3I8T6, STM32H7S3L8H6, STM32H7S3L8H6H, STM32H7S3R8V6, STM32H7S3V8H6, STM32H7S3V8T6, STM32H7S3V8Y6TR, STM32H7S3Z8J6, STM32H7S3Z8T6, STM32H7S78-DK, STM32H7S7A8I6, STM32H7S7I8K6, STM32H7S7I8T6, STM32H7S7L8H6, STM32H7S7L8H6H, STM32H7S7Z8J6, STM32L4R5QGI6STR, STM32MP131AAE3, STM32MP131AAF3, STM32MP131AAG3, STM32MP131CAE3, STM32MP131CAF3, STM32MP131CAG3, STM32MP131DAE7, STM32MP131DAF7, STM32MP131DAG7, STM32MP131FAE7, STM32MP131FAF7, STM32MP131FAG7, STM32MP133AAE3, STM32MP133AAF3, STM32MP133AAG3, STM32MP133CAE3, STM32MP133CAF3, STM32MP133CAG3, STM32MP133DAE7, STM32MP133DAF7, STM32MP133DAG7, STM32MP133FAE7, STM32MP133FAF7, STM32MP133FAG7, STM32MP135AAE3, STM32MP135AAF3, STM32MP135AAG3, STM32MP135CAE3, STM32MP135CAF3, STM32MP135CAG3, STM32MP135DAE7, STM32MP135DAF7, STM32MP135DAG7, STM32MP135F-DK, STM32MP135FAE7, STM32MP135FAF7, STM32MP135FAF7T, STM32MP135FAF7U, STM32MP135FAG7, STM32MP231AAJ3, STM32MP231AAK3, STM32MP231AAL3, STM32MP231CAJ3, STM32MP231CAK3, STM32MP231CAL3, STM32MP231DAJ3, STM32MP231DAK3, STM32MP231DAL3, STM32MP231FAJ3, STM32MP231FAK3, STM32MP231FAL3, STM32MP233AAJ3, STM32MP233AAK3, STM32MP233AAL3, STM32MP233CAJ3, STM32MP233CAK3, STM32MP233CAL3, STM32MP233DAJ3, STM32MP233DAK3, STM32MP233DAL3, STM32MP233FAJ3, STM32MP233FAK3, STM32MP233FAL3, STM32MP235AAJ3, STM32MP235AAK3, STM32MP235AAL3, STM32MP235CAJ3, STM32MP235CAK3, STM32MP235CAL3, STM32MP235DAJ3, STM32MP235DAK3, STM32MP235DAL3, STM32MP235FAJ3, STM32MP235FAK3, STM32MP235FAL3, STM32MP251AAI3, STM32MP251AAJ3, STM32MP251AAK3, STM32MP251AAL3, STM32MP251CAI3, STM32MP251CAJ3, STM32MP251CAK3, STM32MP251CAL3, STM32MP251DAI3, STM32MP251DAJ3, STM32MP251DAK3, STM32MP251DAL3, STM32MP251FAI3, STM32MP251FAJ3, STM32MP251FAK3, STM32MP251FAL3, STM32MP253AAI3, STM32MP253AAJ3, STM32MP253AAK3, STM32MP253AAL3, STM32MP253CAI3, STM32MP253CAJ3, STM32MP253CAK3, STM32MP253CAL3, STM32MP253DAI3, STM32MP253DAJ3, STM32MP253DAK3, STM32MP253DAL3, STM32MP253FAI3, STM32MP253FAJ3, STM32MP253FAK3, STM32MP253FAL3, STM32MP255AAI3, STM32MP255AAJ3, STM32MP255AAK3, STM32MP255AAL3, STM32MP255CAI3, STM32MP255CAJ3, STM32MP255CAK3, STM32MP255CAL3, STM32MP255DAI3, STM32MP255DAJ3, STM32MP255DAK3, STM32MP255DAL3, STM32MP255FAI3, STM32MP255FAJ3, STM32MP255FAK3, STM32MP255FAL3, STM32MP257AAI3, STM32MP257AAJ3, STM32MP257AAK3, STM32MP257AAL3, STM32MP257CAI3, STM32MP257CAJ3, STM32MP257CAK3, STM32MP257CAL3, STM32MP257DAI3, STM32MP257DAJ3, STM32MP257DAK3, STM32MP257DAL3, STM32MP257F-DK, STM32MP257F-EV1, STM32MP257FAI3, STM32MP257FAJ3, STM32MP257FAK3, STM32MP257FAL3, STM32N645A0H3Q, STM32N645B0H3Q, STM32N645I0H3Q, STM32N645L0H3Q, STM32N645X0H3Q, STM32N645Z0H3Q, STM32N647A0H3Q, STM32N647B0H3Q, STM32N647I0H3Q, STM32N647L0H3Q, STM32N647X0H3Q, STM32N647Z0H3Q, STM32N655A0H3Q, STM32N655B0H3Q, STM32N655I0H3Q, STM32N655L0H3Q, STM32N655X0H3Q, STM32N655Z0H3Q, STM32N6570-DK, STM32N657A0H3Q, STM32N657B0H3Q, STM32N657I0H3Q, STM32N657L0H3Q, STM32N657X0H3Q, STM32N657Z0H3Q, STM32U031C6T6, STM32U031C6U6, STM32U031C8T6, STM32U031C8U6, STM32U031F4P6, STM32U031F6P6, STM32U031F8P6, STM32U031G6Y6TR, STM32U031G8Y6TR, STM32U031K4U6, STM32U031K6U6, STM32U031K8U6, STM32U031R6I6, STM32U031R6T6, STM32U031R8I6, STM32U031R8T6, STM32U073C8T6, STM32U073C8U6, STM32U073CBT6, STM32U073CBU6, STM32U073CCT6, STM32U073CCU6, STM32U073H8Y6TR, STM32U073HBY6TR, STM32U073HCY6TR, STM32U073K8U6, STM32U073KBU6, STM32U073KCU6, STM32U073M8I6, STM32U073M8T6, STM32U073MBI6, STM32U073MBT6, STM32U073MCI6, STM32U073MCT6, STM32U073R8I6, STM32U073R8T6, STM32U073RBI6, STM32U073RBT6, STM32U073RCI6, STM32U073RCT6, STM32U083C-DK, STM32U083CCT6, STM32U083CCU6, STM32U083HCY6TR, STM32U083KCU6, STM32U083MCI6, STM32U083MCT6, STM32U083RCI6, STM32U083RCT6, STM32U375CET6, STM32U375CET6Q, STM32U375CEU6, STM32U375CEU6Q, STM32U375CEY6QTR, STM32U375CGT6, STM32U375CGT6Q, STM32U375CGU6, STM32U375CGU6Q, STM32U375CGY6QTR, STM32U375KEU6, STM32U375KGU6, STM32U375REI6, STM32U375REI6Q, STM32U375RET6, STM32U375RET6Q, STM32U375REY6GTR, STM32U375REY6QTR, STM32U375RGI6, STM32U375RGI6Q, STM32U375RGT6, STM32U375RGT6Q, STM32U375RGY6GTR, STM32U375RGY6QTR, STM32U375VEI6, STM32U375VEI6Q, STM32U375VET6, STM32U375VET6Q, STM32U375VGI6, STM32U375VGI6Q, STM32U375VGT6, STM32U375VGT6Q, STM32U385CGT6, STM32U385CGT6Q, STM32U385CGU6, STM32U385CGU6Q, STM32U385CGY6QTR, STM32U385KGU6, STM32U385RGI6, STM32U385RGI6Q, STM32U385RGT6, STM32U385RGT6Q, STM32U385RGY6GTR, STM32U385RGY6QTR, STM32U385VGI6, STM32U385VGI6Q, STM32U385VGT6, STM32U385VGT6Q, STM32U535CBT6, STM32U535CBT6Q, STM32U535CBU6, STM32U535CBU6Q, STM32U535CCT6, STM32U535CCT6Q, STM32U535CCU6, STM32U535CCU6Q, STM32U535CET6, STM32U535CET6Q, STM32U535CEU6, STM32U535CEU6Q, STM32U535JEY6QTR, STM32U535NCY6QTR, STM32U535NEY6QTR, STM32U535RBI6, STM32U535RBI6Q, STM32U535RBT6, STM32U535RBT6Q, STM32U535RCI6, STM32U535RCI6Q, STM32U535RCT6, STM32U535RCT6Q, STM32U535REI6, STM32U535REI6Q, STM32U535RET6, STM32U535RET6Q, STM32U535VCI6, STM32U535VCI6Q, STM32U535VCT6, STM32U535VCT6Q, STM32U535VEI6, STM32U535VEI6Q, STM32U535VET6, STM32U535VET6Q, STM32U545CET6, STM32U545CET6Q, STM32U545CEU6, STM32U545CEU6Q, STM32U545JEY6QTR, STM32U545NEY6QTR, STM32U545REI6, STM32U545REI6Q, STM32U545RET6, STM32U545RET6Q, STM32U545VEI6, STM32U545VEI6Q, STM32U545VET6, STM32U545VET6Q, STM32U595AIH6, STM32U595AIH6Q, STM32U595AJH6, STM32U595AJH6Q, STM32U595QII6, STM32U595QII6Q, STM32U595QJI6, STM32U595QJI6Q, STM32U595RIT6, STM32U595RIT6Q, STM32U595RJT6, STM32U595RJT6Q, STM32U595VIT6, STM32U595VIT6Q, STM32U595VJT6, STM32U595VJT6Q, STM32U595ZIT6, STM32U595ZIT6Q, STM32U595ZIY6QTR, STM32U595ZJT6, STM32U595ZJT6Q, STM32U595ZJY6QTR, STM32U599BJY6QTR, STM32U599NIH6Q, STM32U599NJH6Q, STM32U599VIT6Q, STM32U599VJT6, STM32U599VJT6Q, STM32U599ZIT6Q, STM32U599ZIY6QTR, STM32U599ZJT6Q, STM32U599ZJY6QTR, STM32U5A5AJH6, STM32U5A5AJH6Q, STM32U5A5QII3Q , STM32U5A5QJI6, STM32U5A5QJI6Q, STM32U5A5RJT6, STM32U5A5RJT6Q, STM32U5A5VJT6, STM32U5A5VJT6Q, STM32U5A5ZJT6, STM32U5A5ZJT6Q, STM32U5A5ZJY6QTR, STM32U5A9BJY6QTR, STM32U5A9J-DK, STM32U5A9NJH6Q, STM32U5A9VJT6Q, STM32U5A9ZJT6Q, STM32U5A9ZJY6QTR, STM32U5F7VIT6, STM32U5F7VIT6Q, STM32U5F7VJT6, STM32U5F7VJT6Q, STM32U5F9BJY6QTR, STM32U5F9NJH6Q, STM32U5F9VIT6Q, STM32U5F9VJT6Q, STM32U5F9ZIJ6QTR, STM32U5F9ZIT6Q, STM32U5F9ZJJ6QTR, STM32U5F9ZJT6Q, STM32U5G7VJT6, STM32U5G7VJT6Q, STM32U5G9BJY6QTR, STM32U5G9J-DK1, STM32U5G9J-DK2, STM32U5G9NJH6Q, STM32U5G9VJT6Q, STM32U5G9ZJJ6QTR, STM32U5G9ZJT6Q, STM32WB05KZV6TR, STM32WB05KZV7TR, STM32WB05TZF6TR, STM32WB05TZF7TR, STM32WB06CCF6TR, STM32WB06CCF7TR, STM32WB06CCV6TR, STM32WB06CCV7TR, STM32WB06KCV6TR, STM32WB06KCV7TR, STM32WB07CCF6TR, STM32WB07CCF7TR, STM32WB07CCV6TR, STM32WB07CCV7TR, STM32WB07KCV6TR, STM32WB07KCV7TR, STM32WB09KEV6TR, STM32WB09KEV7TR, STM32WB09TEF6TR, STM32WB09TEF7TR, STM32WB1MMCH6, STM32WBA50KGU6, STM32WBA50KGU6TR, STM32WBA52CEU6, STM32WBA52CEU6TR, STM32WBA52CEU7, STM32WBA52CEU7TR, STM32WBA52CGU6, STM32WBA52CGU6TR, STM32WBA52CGU6U, STM32WBA52CGU7, STM32WBA52CGU7TR, STM32WBA52KEU6, STM32WBA52KEU6TR, STM32WBA52KGU6, STM32WBA52KGU6TR, STM32WBA54CEU6, STM32WBA54CEU6TR, STM32WBA54CEU7, STM32WBA54CEU7TR, STM32WBA54CGU6, STM32WBA54CGU6TR, STM32WBA54CGU7, STM32WBA54CGU7TR, STM32WBA54KEU6, STM32WBA54KEU6TR, STM32WBA54KEU7, STM32WBA54KEU7TR, STM32WBA54KGU6, STM32WBA54KGU6TR, STM32WBA54KGU7, STM32WBA54KGU7TR, STM32WBA55CEU6, STM32WBA55CEU6TR, STM32WBA55CEU7, STM32WBA55CEU7TR, STM32WBA55CGU6, STM32WBA55CGU6TR, STM32WBA55CGU6U, STM32WBA55CGU7, STM32WBA55CGU7TR, STM32WBA55G-DK1, STM32WBA55HEF6, STM32WBA55HEF7, STM32WBA55HGF6, STM32WBA55HGF7, STM32WBA55UEI6, STM32WBA55UEI6TR, STM32WBA55UEI7, STM32WBA55UEI7TR, STM32WBA55UGI6, STM32WBA55UGI6TR, STM32WBA55UGI7, STM32WBA55UGI7TR, STM32WBA5MJGH6TR, STM32WBA5MJGH6U, STM32WL33C8V6, STM32WL33C8V6TR, STM32WL33C8V7, STM32WL33C8V7TR, STM32WL33CBV6, STM32WL33CBV6TR, STM32WL33CBV7, STM32WL33CBV7TR, STM32WL33CCV6, STM32WL33CCV6TR, STM32WL33CCV7, STM32WL33CCV7A, STM32WL33CCV7ATR, STM32WL33CCV7TR, STM32WL33K8V6, STM32WL33K8V6TR, STM32WL33K8V7, STM32WL33K8V7TR, STM32WL33KBV6, STM32WL33KBV6TR, STM32WL33KBV7, STM32WL33KBV7TR, STM32WL33KCV6, STM32WL33KCV6TR, STM32WL33KCV7, STM32WL33KCV7TR, STM32WL5MOCH6, STM32WL5MOCH6TR]
2025-02-22 20:31:03,844 [INFO] DbMcus:218 - Found 4545 MCUs, 4545 are supported
2025-02-22 20:31:03,845 [INFO] ApiDb:423 - Load user favorites file C:\Users\Engineering/.stm32cubeide/favorites.mcus.txt: 0 item(s)
2025-02-22 20:31:03,845 [INFO] ApiDb:427 - User favorites MCUs=[]
2025-02-22 20:31:03,846 [INFO] DbMcus:224 - Set 0 / 0 favorites MCUs
2025-02-22 20:31:04,356 [INFO] ApiDb:668 - CubeFinder database Data Model version=2.1
2025-02-22 20:31:04,356 [INFO] ApiDb:669 - CubeFinder database Configuration version=3.0.39
2025-02-22 20:31:04,357 [INFO] ApiDb:670 - CubeFinder database generation date=2025-02-07 (1738919966)
2025-02-22 20:31:04,357 [INFO] ApiDb:671 - CubeFinder database FW Pack versions=[FP-ATR-ASTRA1_V2.0.0, FP-SNS-FLIGHT1_V5.0.2, FP-SNS-MOTENV1_V5.0.0, FP-SNS-MOTENVWB1_V1.4.0, FP-SNS-SMARTAG2_V1.2.0, FP-SNS-STBOX1_V2.0.0, STM32Cube_FW_C0_V1.3.0, STM32Cube_FW_F4_V1.28.1, STM32Cube_FW_F7_V1.17.2, STM32Cube_FW_G0_V1.6.2, STM32Cube_FW_G4_V1.6.1, STM32Cube_FW_H5_V1.4.0, STM32Cube_FW_H7RS_V1.1.0, STM32Cube_FW_H7_V1.12.0, STM32Cube_FW_L0_V1.12.2, STM32Cube_FW_L4_V1.18.1, STM32Cube_FW_L5_V1.5.1, STM32Cube_FW_N6_V1.0.0, STM32Cube_FW_U0_V1.2.0, STM32Cube_FW_U3_V1.0.0, STM32Cube_FW_U5_V1.7.0, STM32Cube_FW_WB0_V1.1.0, STM32Cube_FW_WBA_V1.5.0, STM32Cube_FW_WB_V1.21.0, STM32Cube_FW_WL3_V1.0.0, STM32Cube_FW_WL_V1.3.0, X-CUBE-ALGOBUILD_V1.4.0, X-CUBE-ALS_V1.0.2, X-CUBE-AZRTOS-F4_V1.1.0, X-CUBE-AZRTOS-F7_V1.1.0, X-CUBE-AZRTOS-G0_V1.1.0, X-CUBE-AZRTOS-G4_V2.0.0, X-CUBE-AZRTOS-H7RS_V1.0.0, X-CUBE-AZRTOS-H7_V3.3.0, X-CUBE-AZRTOS-L4_V2.0.0, X-CUBE-AZRTOS-L5_V2.0.0, X-CUBE-AZRTOS-WB_V2.0.0, X-CUBE-AZRTOS-WL_V2.0.0, X-CUBE-BLE1_V7.0.0, X-CUBE-BLE2_V3.3.0, X-CUBE-BLEMGR_V4.0.0, X-CUBE-EEPRMA1_V5.1.0, X-CUBE-FREERTOS_V1.2.0, X-CUBE-GNSS1_V6.0.0, X-CUBE-MEMS1_V11.1.0, X-CUBE-NFC4_V3.0.0, X-CUBE-NFC7_V1.0.1, X-CUBE-SFXS2LP1_V4.0.0, X-CUBE-SUBG2_V5.0.0, X-CUBE-TOF1_V3.4.2]
2025-02-22 20:31:04,415 [INFO] DbBoardsSqlite:226 - include board P-NUCLEO-WB55-NUCLEO as a kit item of type 'Nucleo-64'
2025-02-22 20:31:04,416 [INFO] DbBoardsSqlite:226 - include board P-NUCLEO-WB55-USBDONGLE as a kit item of type 'Nucleo USB Dongle'
2025-02-22 20:31:04,416 [INFO] DbBoardsSqlite:226 - include board STEVAL-IDP005V1 as a kit item of type 'Evaluation Board'
2025-02-22 20:31:04,416 [INFO] DbBoardsSqlite:226 - include board STEVAL-IDP005V2 as a kit item of type 'Evaluation Board'
2025-02-22 20:31:04,485 [INFO] ApiDb:240 - Found 858 in-development CPN: [B-G473E-ZEST1S, B-WB1M-WPAN1, B-WBA5M-WPAN, B-WL5M-SUBG1, NUCLEO-C031C6, NUCLEO-C051C8, NUCLEO-C071RB, NUCLEO-C092RC, NUCLEO-H503RB, NUCLEO-H533RE, NUCLEO-H563ZI, NUCLEO-H7S3L8, NUCLEO-N657X0-Q, NUCLEO-U031R8, NUCLEO-U083RC, NUCLEO-U385RG-Q, NUCLEO-U545RE-Q, NUCLEO-U5A5ZJ-Q, NUCLEO-WB05KZ, NUCLEO-WB07CC, NUCLEO-WB09KE, NUCLEO-WBA52CG, NUCLEO-WBA55CG, NUCLEO-WL33CC1, NUCLEO-WL33CC2, STEVAL-PROTEUS1, STEVAL-SMARTAG2, STEVAL-STWINBX1, STM320518-EVAL, STM32C0116-DK, STM32C011D6Y3TR, STM32C011D6Y6TR, STM32C011F4P3, STM32C011F4P6, STM32C011F4U3, STM32C011F4U6TR, STM32C011F6P3, STM32C011F6P6, STM32C011F6U3, STM32C011F6U6TR, STM32C011J4M3, STM32C011J4M6, STM32C011J6M3, STM32C011J6M6, STM32C0316-DK, STM32C031C4T3, STM32C031C4T6, STM32C031C4U3, STM32C031C4U6, STM32C031C6T3, STM32C031C6T6, STM32C031C6U3, STM32C031C6U6, STM32C031F4P3, STM32C031F4P6, STM32C031F6P3, STM32C031F6P6, STM32C031G4U3, STM32C031G4U6, STM32C031G6U3, STM32C031G6U6, STM32C031K4T3, STM32C031K4T6, STM32C031K4U3, STM32C031K4U6, STM32C031K6T3, STM32C031K6T6, STM32C031K6U3, STM32C031K6U6, STM32C051C6T6, STM32C051C6U6, STM32C051C8T6, STM32C051C8U6, STM32C051D8Y6TR, STM32C051F6P6, STM32C051F8P6, STM32C051G6U6, STM32C051G8U6, STM32C051K6T6, STM32C051K6U6, STM32C051K8T6, STM32C071C8T6, STM32C071C8T6N, STM32C071C8U6, STM32C071C8U6N, STM32C071CBT6, STM32C071CBT6N, STM32C071CBU6, STM32C071CBU6N, STM32C071F8P6, STM32C071F8P6N, STM32C071FBP6, STM32C071FBP6N, STM32C071FBY6TR, STM32C071G8U6, STM32C071G8U6N, STM32C071GBU6, STM32C071GBU6N, STM32C071K8T6, STM32C071K8T6N, STM32C071K8U6, STM32C071K8U6N, STM32C071KBT6, STM32C071KBT6N, STM32C071KBU6, STM32C071KBU6N, STM32C071R8T6, STM32C071R8T6N, STM32C071RBI6N, STM32C071RBT6, STM32C071RBT6N, STM32C091CBT6, STM32C091CBU6, STM32C091CCT6, STM32C091CCU6, STM32C091ECY6TR, STM32C091FBP6, STM32C091FCP6, STM32C091GBU6, STM32C091GCU6, STM32C091KBT6, STM32C091KBU6, STM32C091KCT6, STM32C091KCU6, STM32C091RBT6, STM32C091RCI6, STM32C091RCT6, STM32C092CBT6, STM32C092CBU6, STM32C092CCT6, STM32C092CCU6, STM32C092ECY6TR, STM32C092FBP6, STM32C092FCP6, STM32C092GBU6, STM32C092GCU6, STM32C092KBT6, STM32C092KBU6, STM32C092KCT6, STM32C092KCU6, STM32C092RBT6, STM32C092RCI6, STM32C092RCT6, STM32G071K8TXN, STM32G071K8UXN, STM32G081GBU6N, STM32G081KBT6N, STM32G081KBUXN, STM32G0B1CCT6N, STM32G0B1KCT6, STM32G0B1NEY6TR, STM32G0B1RCT6N, STM32G0C1CCT6, STM32G0C1CCT6N, STM32G0C1CCU6N, STM32G0C1CET6N, STM32G0C1CEU6N, STM32G0C1KCT6, STM32G0C1NEY6TR, STM32G0C1RCI6N, STM32G0C1RCT6N, STM32G0C1REI6N, STM32G0C1RET6N, STM32G0C1VCI6, STM32G0C1VEI6, STM32G411C6T3, STM32G411C6T6, STM32G411C6U3, STM32G411C6U6, STM32G411C8T3, STM32G411C8T6, STM32G411C8U3, STM32G411C8U6, STM32G411CBT3, STM32G411CBT6, STM32G411CBU3, STM32G411CBU6, STM32G411CCT3, STM32G411CCT6, STM32G411CCU3, STM32G411CCU6, STM32G411K6T3, STM32G411K6T6, STM32G411K6U3, STM32G411K6U6, STM32G411K8T3, STM32G411K8T6, STM32G411K8U3, STM32G411K8U6, STM32G411KBT3, STM32G411KBT6, STM32G411KBU3, STM32G411KBU6, STM32G411M6T3, STM32G411M6T6, STM32G411M8T3, STM32G411M8T6, STM32G411MBT3, STM32G411MBT6, STM32G411MCT3, STM32G411MCT6, STM32G411R6T3, STM32G411R6T6, STM32G411R8T3, STM32G411R8T6, STM32G411RBT3, STM32G411RBT6, STM32G411RCT3, STM32G411RCT6, STM32G414CBT3, STM32G414CBT6, STM32G414CBU3, STM32G414CBU6, STM32G414CCT3, STM32G414CCT6, STM32G414CCU3, STM32G414CCU6, STM32G414MBT3, STM32G414MBT6, STM32G414MCT3, STM32G414MCT6, STM32G414RBT3, STM32G414RBT6, STM32G414RCT3, STM32G414RCT6, STM32G414VBT3, STM32G414VBT6, STM32G414VCT3, STM32G414VCT6, STM32G431CBT3Z, STM32G431RBT3Z, STM32G471CCT6, STM32G471CCU6, STM32G471CET3, STM32G471CET6, STM32G471CEU3, STM32G471CEU6, STM32G471MCT6, STM32G471MET3, STM32G471MET6, STM32G471MEY6TR, STM32G471QCT6, STM32G471QET3, STM32G471RCT6, STM32G471RET3, STM32G471RET6, STM32G471VCH6, STM32G471VCI6, STM32G471VCT6, STM32G471VEH3, STM32G471VEH6, STM32G471VEI3, STM32G471VEI6, STM32G471VET3, STM32G471VET6, STM32G473QET3Z, STM32G473RET3Z, STM32G474CCT6, STM32G491RET3Z, STM32H503CBT6, STM32H503CBU6, STM32H503EBY6TR, STM32H503KBU6, STM32H503RBT6, STM32H523CCT6, STM32H523CCU6, STM32H523CET6, STM32H523CEU6, STM32H523HEY6TR, STM32H523RCT6, STM32H523RET6, STM32H523VCI6, STM32H523VCT6, STM32H523VEI6, STM32H523VET6, STM32H523ZCJ6, STM32H523ZCT6, STM32H523ZEJ6, STM32H523ZET6, STM32H533CET6, STM32H533CEU6, STM32H533HEY6TR, STM32H533RET6, STM32H533VEI6, STM32H533VET6, STM32H533ZEJ6, STM32H533ZET6, STM32H562AGI6, STM32H562AII6, STM32H562IGK6, STM32H562IGT6, STM32H562IIK6, STM32H562IIT6, STM32H562RGT6, STM32H562RGV6, STM32H562RIT6, STM32H562RIV6, STM32H562VGT6, STM32H562VIT6, STM32H562ZGT6, STM32H562ZIT6, STM32H563AGI6, STM32H563AII3Q, STM32H563AII6, STM32H563IGK6, STM32H563IGT6, STM32H563IIK3Q, STM32H563IIK6, STM32H563IIT3Q, STM32H563IIT6, STM32H563MIY3QTR, STM32H563RGT6, STM32H563RGV6, STM32H563RIT6, STM32H563RIV6, STM32H563VGT6, STM32H563VIT3Q, STM32H563VIT6, STM32H563ZGT6, STM32H563ZIT3Q, STM32H563ZIT6, STM32H573AII3Q, STM32H573AII6, STM32H573I-DK, STM32H573IIK3Q, STM32H573IIK6, STM32H573IIT3Q, STM32H573IIT6, STM32H573MIY3QTR, STM32H573RIT6, STM32H573RIV6, STM32H573VIT3Q, STM32H573VIT6, STM32H573ZIT3Q, STM32H573ZIT6, STM32H7R3A8I6, STM32H7R3I8K6, STM32H7R3I8T6, STM32H7R3L8H6, STM32H7R3L8H6H, STM32H7R3R8V6, STM32H7R3V8H6, STM32H7R3V8T6, STM32H7R3V8Y6TR, STM32H7R3Z8J6, STM32H7R3Z8T6, STM32H7R7A8I6, STM32H7R7I8K6, STM32H7R7I8T6, STM32H7R7L8H6, STM32H7R7L8H6H, STM32H7R7Z8J6, STM32H7S3A8I6, STM32H7S3I8K6, STM32H7S3I8T6, STM32H7S3L8H6, STM32H7S3L8H6H, STM32H7S3R8V6, STM32H7S3V8H6, STM32H7S3V8T6, STM32H7S3V8Y6TR, STM32H7S3Z8J6, STM32H7S3Z8T6, STM32H7S78-DK, STM32H7S7A8I6, STM32H7S7I8K6, STM32H7S7I8T6, STM32H7S7L8H6, STM32H7S7L8H6H, STM32H7S7Z8J6, STM32L4R5QGI6STR, STM32MP131AAE3, STM32MP131AAF3, STM32MP131AAG3, STM32MP131CAE3, STM32MP131CAF3, STM32MP131CAG3, STM32MP131DAE7, STM32MP131DAF7, STM32MP131DAG7, STM32MP131FAE7, STM32MP131FAF7, STM32MP131FAG7, STM32MP133AAE3, STM32MP133AAF3, STM32MP133AAG3, STM32MP133CAE3, STM32MP133CAF3, STM32MP133CAG3, STM32MP133DAE7, STM32MP133DAF7, STM32MP133DAG7, STM32MP133FAE7, STM32MP133FAF7, STM32MP133FAG7, STM32MP135AAE3, STM32MP135AAF3, STM32MP135AAG3, STM32MP135CAE3, STM32MP135CAF3, STM32MP135CAG3, STM32MP135DAE7, STM32MP135DAF7, STM32MP135DAG7, STM32MP135F-DK, STM32MP135FAE7, STM32MP135FAF7, STM32MP135FAF7T, STM32MP135FAF7U, STM32MP135FAG7, STM32MP231AAJ3, STM32MP231AAK3, STM32MP231AAL3, STM32MP231CAJ3, STM32MP231CAK3, STM32MP231CAL3, STM32MP231DAJ3, STM32MP231DAK3, STM32MP231DAL3, STM32MP231FAJ3, STM32MP231FAK3, STM32MP231FAL3, STM32MP233AAJ3, STM32MP233AAK3, STM32MP233AAL3, STM32MP233CAJ3, STM32MP233CAK3, STM32MP233CAL3, STM32MP233DAJ3, STM32MP233DAK3, STM32MP233DAL3, STM32MP233FAJ3, STM32MP233FAK3, STM32MP233FAL3, STM32MP235AAJ3, STM32MP235AAK3, STM32MP235AAL3, STM32MP235CAJ3, STM32MP235CAK3, STM32MP235CAL3, STM32MP235DAJ3, STM32MP235DAK3, STM32MP235DAL3, STM32MP235FAJ3, STM32MP235FAK3, STM32MP235FAL3, STM32MP251AAI3, STM32MP251AAJ3, STM32MP251AAK3, STM32MP251AAL3, STM32MP251CAI3, STM32MP251CAJ3, STM32MP251CAK3, STM32MP251CAL3, STM32MP251DAI3, STM32MP251DAJ3, STM32MP251DAK3, STM32MP251DAL3, STM32MP251FAI3, STM32MP251FAJ3, STM32MP251FAK3, STM32MP251FAL3, STM32MP253AAI3, STM32MP253AAJ3, STM32MP253AAK3, STM32MP253AAL3, STM32MP253CAI3, STM32MP253CAJ3, STM32MP253CAK3, STM32MP253CAL3, STM32MP253DAI3, STM32MP253DAJ3, STM32MP253DAK3, STM32MP253DAL3, STM32MP253FAI3, STM32MP253FAJ3, STM32MP253FAK3, STM32MP253FAL3, STM32MP255AAI3, STM32MP255AAJ3, STM32MP255AAK3, STM32MP255AAL3, STM32MP255CAI3, STM32MP255CAJ3, STM32MP255CAK3, STM32MP255CAL3, STM32MP255DAI3, STM32MP255DAJ3, STM32MP255DAK3, STM32MP255DAL3, STM32MP255FAI3, STM32MP255FAJ3, STM32MP255FAK3, STM32MP255FAL3, STM32MP257AAI3, STM32MP257AAJ3, STM32MP257AAK3, STM32MP257AAL3, STM32MP257CAI3, STM32MP257CAJ3, STM32MP257CAK3, STM32MP257CAL3, STM32MP257DAI3, STM32MP257DAJ3, STM32MP257DAK3, STM32MP257DAL3, STM32MP257F-DK, STM32MP257F-EV1, STM32MP257FAI3, STM32MP257FAJ3, STM32MP257FAK3, STM32MP257FAL3, STM32N645A0H3Q, STM32N645B0H3Q, STM32N645I0H3Q, STM32N645L0H3Q, STM32N645X0H3Q, STM32N645Z0H3Q, STM32N647A0H3Q, STM32N647B0H3Q, STM32N647I0H3Q, STM32N647L0H3Q, STM32N647X0H3Q, STM32N647Z0H3Q, STM32N655A0H3Q, STM32N655B0H3Q, STM32N655I0H3Q, STM32N655L0H3Q, STM32N655X0H3Q, STM32N655Z0H3Q, STM32N6570-DK, STM32N657A0H3Q, STM32N657B0H3Q, STM32N657I0H3Q, STM32N657L0H3Q, STM32N657X0H3Q, STM32N657Z0H3Q, STM32U031C6T6, STM32U031C6U6, STM32U031C8T6, STM32U031C8U6, STM32U031F4P6, STM32U031F6P6, STM32U031F8P6, STM32U031G6Y6TR, STM32U031G8Y6TR, STM32U031K4U6, STM32U031K6U6, STM32U031K8U6, STM32U031R6I6, STM32U031R6T6, STM32U031R8I6, STM32U031R8T6, STM32U073C8T6, STM32U073C8U6, STM32U073CBT6, STM32U073CBU6, STM32U073CCT6, STM32U073CCU6, STM32U073H8Y6TR, STM32U073HBY6TR, STM32U073HCY6TR, STM32U073K8U6, STM32U073KBU6, STM32U073KCU6, STM32U073M8I6, STM32U073M8T6, STM32U073MBI6, STM32U073MBT6, STM32U073MCI6, STM32U073MCT6, STM32U073R8I6, STM32U073R8T6, STM32U073RBI6, STM32U073RBT6, STM32U073RCI6, STM32U073RCT6, STM32U083C-DK, STM32U083CCT6, STM32U083CCU6, STM32U083HCY6TR, STM32U083KCU6, STM32U083MCI6, STM32U083MCT6, STM32U083RCI6, STM32U083RCT6, STM32U375CET6, STM32U375CET6Q, STM32U375CEU6, STM32U375CEU6Q, STM32U375CEY6QTR, STM32U375CGT6, STM32U375CGT6Q, STM32U375CGU6, STM32U375CGU6Q, STM32U375CGY6QTR, STM32U375KEU6, STM32U375KGU6, STM32U375REI6, STM32U375REI6Q, STM32U375RET6, STM32U375RET6Q, STM32U375REY6GTR, STM32U375REY6QTR, STM32U375RGI6, STM32U375RGI6Q, STM32U375RGT6, STM32U375RGT6Q, STM32U375RGY6GTR, STM32U375RGY6QTR, STM32U375VEI6, STM32U375VEI6Q, STM32U375VET6, STM32U375VET6Q, STM32U375VGI6, STM32U375VGI6Q, STM32U375VGT6, STM32U375VGT6Q, STM32U385CGT6, STM32U385CGT6Q, STM32U385CGU6, STM32U385CGU6Q, STM32U385CGY6QTR, STM32U385KGU6, STM32U385RGI6, STM32U385RGI6Q, STM32U385RGT6, STM32U385RGT6Q, STM32U385RGY6GTR, STM32U385RGY6QTR, STM32U385VGI6, STM32U385VGI6Q, STM32U385VGT6, STM32U385VGT6Q, STM32U535CBT6, STM32U535CBT6Q, STM32U535CBU6, STM32U535CBU6Q, STM32U535CCT6, STM32U535CCT6Q, STM32U535CCU6, STM32U535CCU6Q, STM32U535CET6, STM32U535CET6Q, STM32U535CEU6, STM32U535CEU6Q, STM32U535JEY6QTR, STM32U535NCY6QTR, STM32U535NEY6QTR, STM32U535RBI6, STM32U535RBI6Q, STM32U535RBT6, STM32U535RBT6Q, STM32U535RCI6, STM32U535RCI6Q, STM32U535RCT6, STM32U535RCT6Q, STM32U535REI6, STM32U535REI6Q, STM32U535RET6, STM32U535RET6Q, STM32U535VCI6, STM32U535VCI6Q, STM32U535VCT6, STM32U535VCT6Q, STM32U535VEI6, STM32U535VEI6Q, STM32U535VET6, STM32U535VET6Q, STM32U545CET6, STM32U545CET6Q, STM32U545CEU6, STM32U545CEU6Q, STM32U545JEY6QTR, STM32U545NEY6QTR, STM32U545REI6, STM32U545REI6Q, STM32U545RET6, STM32U545RET6Q, STM32U545VEI6, STM32U545VEI6Q, STM32U545VET6, STM32U545VET6Q, STM32U595AIH6, STM32U595AIH6Q, STM32U595AJH6, STM32U595AJH6Q, STM32U595QII6, STM32U595QII6Q, STM32U595QJI6, STM32U595QJI6Q, STM32U595RIT6, STM32U595RIT6Q, STM32U595RJT6, STM32U595RJT6Q, STM32U595VIT6, STM32U595VIT6Q, STM32U595VJT6, STM32U595VJT6Q, STM32U595ZIT6, STM32U595ZIT6Q, STM32U595ZIY6QTR, STM32U595ZJT6, STM32U595ZJT6Q, STM32U595ZJY6QTR, STM32U599BJY6QTR, STM32U599NIH6Q, STM32U599NJH6Q, STM32U599VIT6Q, STM32U599VJT6, STM32U599VJT6Q, STM32U599ZIT6Q, STM32U599ZIY6QTR, STM32U599ZJT6Q, STM32U599ZJY6QTR, STM32U5A5AJH6, STM32U5A5AJH6Q, STM32U5A5QII3Q , STM32U5A5QJI6, STM32U5A5QJI6Q, STM32U5A5RJT6, STM32U5A5RJT6Q, STM32U5A5VJT6, STM32U5A5VJT6Q, STM32U5A5ZJT6, STM32U5A5ZJT6Q, STM32U5A5ZJY6QTR, STM32U5A9BJY6QTR, STM32U5A9J-DK, STM32U5A9NJH6Q, STM32U5A9VJT6Q, STM32U5A9ZJT6Q, STM32U5A9ZJY6QTR, STM32U5F7VIT6, STM32U5F7VIT6Q, STM32U5F7VJT6, STM32U5F7VJT6Q, STM32U5F9BJY6QTR, STM32U5F9NJH6Q, STM32U5F9VIT6Q, STM32U5F9VJT6Q, STM32U5F9ZIJ6QTR, STM32U5F9ZIT6Q, STM32U5F9ZJJ6QTR, STM32U5F9ZJT6Q, STM32U5G7VJT6, STM32U5G7VJT6Q, STM32U5G9BJY6QTR, STM32U5G9J-DK1, STM32U5G9J-DK2, STM32U5G9NJH6Q, STM32U5G9VJT6Q, STM32U5G9ZJJ6QTR, STM32U5G9ZJT6Q, STM32WB05KZV6TR, STM32WB05KZV7TR, STM32WB05TZF6TR, STM32WB05TZF7TR, STM32WB06CCF6TR, STM32WB06CCF7TR, STM32WB06CCV6TR, STM32WB06CCV7TR, STM32WB06KCV6TR, STM32WB06KCV7TR, STM32WB07CCF6TR, STM32WB07CCF7TR, STM32WB07CCV6TR, STM32WB07CCV7TR, STM32WB07KCV6TR, STM32WB07KCV7TR, STM32WB09KEV6TR, STM32WB09KEV7TR, STM32WB09TEF6TR, STM32WB09TEF7TR, STM32WB1MMCH6, STM32WBA50KGU6, STM32WBA50KGU6TR, STM32WBA52CEU6, STM32WBA52CEU6TR, STM32WBA52CEU7, STM32WBA52CEU7TR, STM32WBA52CGU6, STM32WBA52CGU6TR, STM32WBA52CGU6U, STM32WBA52CGU7, STM32WBA52CGU7TR, STM32WBA52KEU6, STM32WBA52KEU6TR, STM32WBA52KGU6, STM32WBA52KGU6TR, STM32WBA54CEU6, STM32WBA54CEU6TR, STM32WBA54CEU7, STM32WBA54CEU7TR, STM32WBA54CGU6, STM32WBA54CGU6TR, STM32WBA54CGU7, STM32WBA54CGU7TR, STM32WBA54KEU6, STM32WBA54KEU6TR, STM32WBA54KEU7, STM32WBA54KEU7TR, STM32WBA54KGU6, STM32WBA54KGU6TR, STM32WBA54KGU7, STM32WBA54KGU7TR, STM32WBA55CEU6, STM32WBA55CEU6TR, STM32WBA55CEU7, STM32WBA55CEU7TR, STM32WBA55CGU6, STM32WBA55CGU6TR, STM32WBA55CGU6U, STM32WBA55CGU7, STM32WBA55CGU7TR, STM32WBA55G-DK1, STM32WBA55HEF6, STM32WBA55HEF7, STM32WBA55HGF6, STM32WBA55HGF7, STM32WBA55UEI6, STM32WBA55UEI6TR, STM32WBA55UEI7, STM32WBA55UEI7TR, STM32WBA55UGI6, STM32WBA55UGI6TR, STM32WBA55UGI7, STM32WBA55UGI7TR, STM32WBA5MJGH6TR, STM32WBA5MJGH6U, STM32WL33C8V6, STM32WL33C8V6TR, STM32WL33C8V7, STM32WL33C8V7TR, STM32WL33CBV6, STM32WL33CBV6TR, STM32WL33CBV7, STM32WL33CBV7TR, STM32WL33CCV6, STM32WL33CCV6TR, STM32WL33CCV7, STM32WL33CCV7A, STM32WL33CCV7ATR, STM32WL33CCV7TR, STM32WL33K8V6, STM32WL33K8V6TR, STM32WL33K8V7, STM32WL33K8V7TR, STM32WL33KBV6, STM32WL33KBV6TR, STM32WL33KBV7, STM32WL33KBV7TR, STM32WL33KCV6, STM32WL33KCV6TR, STM32WL33KCV7, STM32WL33KCV7TR, STM32WL5MOCH6, STM32WL5MOCH6TR]
2025-02-22 20:31:04,824 [INFO] BoardInfo:889 - No configuration file found for board P-NUCLEO-WB55
2025-02-22 20:31:04,826 [INFO] DbBoards:161 - Kit is not supported: P-NUCLEO-WB55
2025-02-22 20:31:04,836 [INFO] BoardInfo:889 - No configuration file found for board STEVAL-BFA001V1B
2025-02-22 20:31:04,838 [INFO] DbBoards:161 - Kit is not supported: STEVAL-BFA001V1B
2025-02-22 20:31:04,839 [INFO] BoardInfo:889 - No configuration file found for board STEVAL-BFA001V2B
2025-02-22 20:31:04,841 [INFO] DbBoards:161 - Kit is not supported: STEVAL-BFA001V2B
2025-02-22 20:31:05,187 [INFO] DbBoards:168 - Found 209 boards, 206 are supported
2025-02-22 20:31:05,187 [INFO] DbBoards:169 - Found 209 boards, 42 of them is supported for  Bsp
2025-02-22 20:31:05,201 [INFO] ApiDb:423 - Load user favorites file C:\Users\Engineering/.stm32cubeide/favorites.boards.txt: 4 item(s)
2025-02-22 20:31:05,201 [INFO] ApiDb:427 - User favorites Boards=[NUCLEO-F429ZI, NUCLEO-F767ZI, NUCLEO-H563ZI, NUCLEO-H7S3L8]
2025-02-22 20:31:05,202 [INFO] DbBoards:198 - Set 4 / 4 favorites Boards
2025-02-22 20:31:05,204 [INFO] ApiDb:668 - CubeFinder database Data Model version=2.1
2025-02-22 20:31:05,204 [INFO] ApiDb:669 - CubeFinder database Configuration version=3.0.39
2025-02-22 20:31:05,204 [INFO] ApiDb:670 - CubeFinder database generation date=2025-02-07 (1738919966)
2025-02-22 20:31:05,204 [INFO] ApiDb:671 - CubeFinder database FW Pack versions=[FP-ATR-ASTRA1_V2.0.0, FP-SNS-FLIGHT1_V5.0.2, FP-SNS-MOTENV1_V5.0.0, FP-SNS-MOTENVWB1_V1.4.0, FP-SNS-SMARTAG2_V1.2.0, FP-SNS-STBOX1_V2.0.0, STM32Cube_FW_C0_V1.3.0, STM32Cube_FW_F4_V1.28.1, STM32Cube_FW_F7_V1.17.2, STM32Cube_FW_G0_V1.6.2, STM32Cube_FW_G4_V1.6.1, STM32Cube_FW_H5_V1.4.0, STM32Cube_FW_H7RS_V1.1.0, STM32Cube_FW_H7_V1.12.0, STM32Cube_FW_L0_V1.12.2, STM32Cube_FW_L4_V1.18.1, STM32Cube_FW_L5_V1.5.1, STM32Cube_FW_N6_V1.0.0, STM32Cube_FW_U0_V1.2.0, STM32Cube_FW_U3_V1.0.0, STM32Cube_FW_U5_V1.7.0, STM32Cube_FW_WB0_V1.1.0, STM32Cube_FW_WBA_V1.5.0, STM32Cube_FW_WB_V1.21.0, STM32Cube_FW_WL3_V1.0.0, STM32Cube_FW_WL_V1.3.0, X-CUBE-ALGOBUILD_V1.4.0, X-CUBE-ALS_V1.0.2, X-CUBE-AZRTOS-F4_V1.1.0, X-CUBE-AZRTOS-F7_V1.1.0, X-CUBE-AZRTOS-G0_V1.1.0, X-CUBE-AZRTOS-G4_V2.0.0, X-CUBE-AZRTOS-H7RS_V1.0.0, X-CUBE-AZRTOS-H7_V3.3.0, X-CUBE-AZRTOS-L4_V2.0.0, X-CUBE-AZRTOS-L5_V2.0.0, X-CUBE-AZRTOS-WB_V2.0.0, X-CUBE-AZRTOS-WL_V2.0.0, X-CUBE-BLE1_V7.0.0, X-CUBE-BLE2_V3.3.0, X-CUBE-BLEMGR_V4.0.0, X-CUBE-EEPRMA1_V5.1.0, X-CUBE-FREERTOS_V1.2.0, X-CUBE-GNSS1_V6.0.0, X-CUBE-MEMS1_V11.1.0, X-CUBE-NFC4_V3.0.0, X-CUBE-NFC7_V1.0.1, X-CUBE-SFXS2LP1_V4.0.0, X-CUBE-SUBG2_V5.0.0, X-CUBE-TOF1_V3.4.2]
2025-02-22 20:31:05,951 [ERROR] DbExamplesSqlite:437 - Missing JSON key: board_cpn
2025-02-22 20:31:05,952 [ERROR] DbExamplesSqlite:437 - Missing JSON key: board_cpn
2025-02-22 20:31:05,952 [ERROR] DbExamplesSqlite:437 - Missing JSON key: board_cpn
2025-02-22 20:31:05,952 [ERROR] DbExamplesSqlite:437 - Missing JSON key: board_cpn
2025-02-22 20:31:06,172 [ERROR] DbExamplesSqlite:437 - Missing JSON key: board_cpn
2025-02-22 20:31:06,173 [ERROR] DbExamplesSqlite:437 - Missing JSON key: board_cpn
2025-02-22 20:31:06,173 [ERROR] DbExamplesSqlite:437 - Missing JSON key: board_cpn
2025-02-22 20:31:06,173 [ERROR] DbExamplesSqlite:437 - Missing JSON key: board_cpn
2025-02-22 20:31:06,174 [ERROR] DbExamplesSqlite:437 - Missing JSON key: board_cpn
2025-02-22 20:31:06,174 [ERROR] DbExamplesSqlite:437 - Missing JSON key: board_cpn
2025-02-22 20:31:06,175 [ERROR] DbExamplesSqlite:437 - Missing JSON key: board_cpn
2025-02-22 20:31:06,175 [ERROR] DbExamplesSqlite:437 - Missing JSON key: board_cpn
2025-02-22 20:31:06,176 [ERROR] DbExamplesSqlite:437 - Missing JSON key: board_cpn
2025-02-22 20:31:06,392 [ERROR] DbExamplesSqlite:437 - Missing JSON key: board_cpn
2025-02-22 20:31:06,394 [INFO] DbExamplesSqlite:395 - Ignored 77 examples not supported by CubeIDE
2025-02-22 20:31:06,395 [INFO] DbExamplesSqlite:396 - Found 10475 examples active
2025-02-22 20:31:06,395 [INFO] DbExamplesSqlite:397 - Found 0 examples obsolete
2025-02-22 20:31:06,395 [INFO] DbExamplesSqlite:398 - Found 0 examples under development
2025-02-22 20:31:06,396 [INFO] DbExamplesSqlite:399 - Found 43 examples not building
2025-02-22 20:31:06,399 [INFO] DbExamples:125 - Found 10441 examples
2025-02-22 20:31:06,425 [ERROR] DbExamples:208 - Found 3 examples with invalid data (board or MCU)
2025-02-22 20:31:06,426 [INFO] DbExamples:222 - Found 132 boards with related examples
2025-02-22 20:31:06,428 [INFO] DbExamples:235 - Found 109 MCUs with related examples
2025-02-22 20:31:06,456 [INFO] ApiDb:414 - User favorites file not found: C:\Users\Engineering/.stm32cubeide/favorites.examples.txt
2025-02-22 20:31:06,457 [INFO] DbExamples:250 - Set 0 / 0 favorites Examples
2025-02-22 20:31:06,898 [INFO] McuFinderGlobals:76 - Set McuFinderConnectedMode to true
2025-02-22 20:31:06,908 [INFO] MultiScanPanel:200 - Auto-refresh data requested => check proxy status ongoing
2025-02-22 20:31:06,914 [INFO] FinderPluginLoader:95 - Searching for filters in installed packs
2025-02-22 20:31:08,582 [INFO] LoadUrlFilesThread:185 - End of LoadServerUrlFiles without Thread
2025-02-22 20:31:08,593 [INFO] DetailPanel:341 - Set advertising image to C:/Users/Engineering/STM32Cube/Repository/\en.prom-stm32n6-mcu-finder.png
2025-02-22 20:31:17,119 [INFO] MultiScanPanel:200 - Auto-refresh data requested => check proxy status ongoing
2025-02-22 20:31:17,294 [INFO] LoadUrlFilesThread:185 - End of LoadServerUrlFiles without Thread
2025-02-22 20:31:17,295 [INFO] DetailPanel:341 - Set advertising image to C:/Users/Engineering/STM32Cube/Repository/\en.prom-stm32n6-mcu-finder.png
2025-02-22 20:31:17,310 [INFO] DbBoards:642 - Loading board mini-images...
2025-02-22 20:31:17,428 [ERROR] DbBoards:659 - Image file not found for board B-WBA5M-WPAN: C:\Users\Engineering\.stmcufinder\plugins\mcufinder//mcu//boards_images/B-WBA5M-WPAN.jpg
2025-02-22 20:31:18,291 [ERROR] DbBoards:659 - Image file not found for board NUCLEO-U385RG-Q: C:\Users\Engineering\.stmcufinder\plugins\mcufinder//mcu//boards_images/NUCLEO-U385RG-Q.jpg
2025-02-22 20:31:19,636 [INFO] DbBoards:665 - Loaded 207 board mini-images
2025-02-22 20:32:22,578 [INFO] McuFinderGlobals:76 - Set McuFinderConnectedMode to true
2025-02-22 20:32:22,583 [INFO] ApiDb:448 - Save user favorites file C:\Users\Engineering/.stm32cubeide/favorites.mcus.txt: 0 item(s)
2025-02-22 20:32:22,583 [INFO] ApiDb:452 - User favorites MCUs=[]
2025-02-22 20:32:22,585 [INFO] ApiDb:448 - Save user favorites file C:\Users\Engineering/.stm32cubeide/favorites.boards.txt: 4 item(s)
2025-02-22 20:32:22,586 [INFO] ApiDb:452 - User favorites Boards=[NUCLEO-F429ZI, NUCLEO-F767ZI, NUCLEO-H563ZI, NUCLEO-H7S3L8]
2025-02-22 20:32:28,907 [INFO] WebApp:190 - Connection lost
2025-02-22 20:32:29,119 [INFO] WebApp:187 - Connection restablished
2025-02-22 20:34:44,900 [INFO] WebApp:190 - Connection lost
2025-02-22 20:34:45,111 [INFO] WebApp:187 - Connection restablished
2025-02-22 20:36:00,912 [INFO] WebApp:190 - Connection lost
2025-02-22 20:36:01,132 [INFO] WebApp:187 - Connection restablished
2025-02-22 20:39:26,402 [INFO] WebApp:190 - Connection lost
2025-02-22 20:39:26,612 [INFO] WebApp:187 - Connection restablished
2025-02-22 20:40:57,402 [INFO] WebApp:190 - Connection lost
2025-02-22 20:40:58,653 [INFO] WebApp:187 - Connection restablished
2025-02-22 20:41:02,908 [INFO] WebApp:190 - Connection lost
2025-02-22 20:41:03,072 [INFO] WebApp:187 - Connection restablished
2025-02-22 20:47:30,502 [INFO] WebApp:190 - Connection lost
2025-02-22 20:52:34,696 [INFO] WebApp:187 - Connection restablished
